HTTP/2 200 
content-type: application/xml
content-length: 148
date: Thu, 06 Aug 2020 08:00:06 GMT
set-cookie: AWSALB=JvxbBzCKOJATIwmLqVAcyQ67eFLS06ZL1Ie+57HJbrNZLyxzmFWTc+tsn5x3N7TUPiHKi2atZp335dEpO80V7dTnQ2Y+qK9AEuixf2+fUUnUd7MuJuIyXRPKnWC7; Expires=Thu, 13 Aug 2020 08:00:06 GMT; Path=/
set-cookie: AWSALBCORS=JvxbBzCKOJATIwmLqVAcyQ67eFLS06ZL1Ie+57HJbrNZLyxzmFWTc+tsn5x3N7TUPiHKi2atZp335dEpO80V7dTnQ2Y+qK9AEuixf2+fUUnUd7MuJuIyXRPKnWC7; Expires=Thu, 13 Aug 2020 08:00:06 GMT; Path=/; SameSite=None
cmr-request-id: 118855be-a37a-43c6-8f31-e56fec871be7
x-request-id: 118855be-a37a-43c6-8f31-e56fec871be7
server: Jetty(9.4.z-SNAPSHOT)
strict-transport-security: max-age=31536000; includeSubdomains; preload
x-cache: Miss from cloudfront
via: 1.1 589d518997ccd05a23679df5a68e6388.cloudfront.net (CloudFront)
x-amz-cf-pop: ATL56-C2
x-amz-cf-id: tkhWieXhfj6cIYt-7eioPmoAL7QdgQuMzXH8BvA7GS4U4Te3u2glfA==

<?xml version="1.0" encoding="UTF-8"?><result><concept-id>C1236799831-POCLOUD</concept-id><revision-id>3</revision-id><warnings></warnings></result>HTTP/2 201 
content-type: application/xml
content-length: 148
date: Thu, 06 Aug 2020 08:01:19 GMT
set-cookie: AWSALB=x1REqIinGUZfkMNgW58/jOrHeyAKGY/zjEF0Il1BYNc6cfI3J6+SKTfw02kaMdC1PnUx9sKJUyvqzIRWTGnpQVjm3k63QLXMfYDwBjmcWGUFC4lCv8h//aqve7/h; Expires=Thu, 13 Aug 2020 08:01:19 GMT; Path=/
set-cookie: AWSALBCORS=x1REqIinGUZfkMNgW58/jOrHeyAKGY/zjEF0Il1BYNc6cfI3J6+SKTfw02kaMdC1PnUx9sKJUyvqzIRWTGnpQVjm3k63QLXMfYDwBjmcWGUFC4lCv8h//aqve7/h; Expires=Thu, 13 Aug 2020 08:01:19 GMT; Path=/; SameSite=None
cmr-request-id: ffd38c1d-59fb-470f-b3a2-1998075d5e18
x-request-id: ffd38c1d-59fb-470f-b3a2-1998075d5e18
server: Jetty(9.4.z-SNAPSHOT)
strict-transport-security: max-age=31536000; includeSubdomains; preload
x-cache: Miss from cloudfront
via: 1.1 324e207883291e8fd357e9f1710d8712.cloudfront.net (CloudFront)
x-amz-cf-pop: ATL56-C2
x-amz-cf-id: lKvghfufOGCzIpCeQGF2DO4kewOhfAYEyL_JSjFex9RUJ5YOb9h3_g==

<?xml version="1.0" encoding="UTF-8"?><result><concept-id>C1236807469-POCLOUD</concept-id><revision-id>1</revision-id><warnings></warnings></result>HTTP/2 201 
content-type: application/xml
content-length: 148
date: Thu, 06 Aug 2020 08:01:20 GMT
set-cookie: AWSALB=zLTaoiTnR1GQUacpDY9EdcdVeB/du0guqMZ4p0XuLKSIjzT6M3IlBlpfvwWX4WS4h3USbzau4UBesFfBukCxHZSYYPjVTSaoNQMx5IhskSwzy+uJuBhwej/S9yi3; Expires=Thu, 13 Aug 2020 08:01:19 GMT; Path=/
set-cookie: AWSALBCORS=zLTaoiTnR1GQUacpDY9EdcdVeB/du0guqMZ4p0XuLKSIjzT6M3IlBlpfvwWX4WS4h3USbzau4UBesFfBukCxHZSYYPjVTSaoNQMx5IhskSwzy+uJuBhwej/S9yi3; Expires=Thu, 13 Aug 2020 08:01:19 GMT; Path=/; SameSite=None
cmr-request-id: a5516dfe-3317-4e3d-a89f-750ddffa740e
x-request-id: a5516dfe-3317-4e3d-a89f-750ddffa740e
server: Jetty(9.4.z-SNAPSHOT)
strict-transport-security: max-age=31536000; includeSubdomains; preload
x-cache: Miss from cloudfront
via: 1.1 7b7e50db6589e0f941d9a919773b8e8b.cloudfront.net (CloudFront)
x-amz-cf-pop: ATL56-C2
x-amz-cf-id: vU0WMqbEiP5NctXbmhY4tu_gt3v83yPTZBcow9wa0oEj_3hebQJkKQ==

<?xml version="1.0" encoding="UTF-8"?><result><concept-id>C1236807470-POCLOUD</concept-id><revision-id>1</revision-id><warnings></warnings></result>HTTP/2 201 
content-type: application/xml
content-length: 148
date: Thu, 06 Aug 2020 08:01:20 GMT
set-cookie: AWSALB=02YJgUNrruoQcIqMBDWmlgCj8nRmRPQQ9H6LOJETWfbvs4kaXk616oaqtkM+dUdKzJc9Ua/7/DFIqv6oxW53Q+wLwWMitTWG+yZo/17O8kmiC6HWdBQr/TlmyfhO; Expires=Thu, 13 Aug 2020 08:01:20 GMT; Path=/
set-cookie: AWSALBCORS=02YJgUNrruoQcIqMBDWmlgCj8nRmRPQQ9H6LOJETWfbvs4kaXk616oaqtkM+dUdKzJc9Ua/7/DFIqv6oxW53Q+wLwWMitTWG+yZo/17O8kmiC6HWdBQr/TlmyfhO; Expires=Thu, 13 Aug 2020 08:01:20 GMT; Path=/; SameSite=None
cmr-request-id: 8a73c32e-29a8-4b93-a829-b0a389dc55ba
x-request-id: 8a73c32e-29a8-4b93-a829-b0a389dc55ba
server: Jetty(9.4.z-SNAPSHOT)
strict-transport-security: max-age=31536000; includeSubdomains; preload
x-cache: Miss from cloudfront
via: 1.1 57eca1a5e1cd9e4394e99c6993d03f75.cloudfront.net (CloudFront)
x-amz-cf-pop: ATL56-C2
x-amz-cf-id: wM0ykwuc-BfduI2AElLmTKda_Dqbrwlv7AuIvdktuYM3CqmlAqCVQA==

<?xml version="1.0" encoding="UTF-8"?><result><concept-id>C1236807471-POCLOUD</concept-id><revision-id>1</revision-id><warnings></warnings></result>HTTP/2 201 
content-type: application/xml
content-length: 148
date: Thu, 06 Aug 2020 08:01:20 GMT
set-cookie: AWSALB=uwQTbMH45DSR/uxBKslDNQJiqdDEu4F7YQU3u3OUaGDsIf5P3PYd+FBkKhFulAX+UxQmASzB6+KAu5cYNnLPpjUMAyTe85quyTWr1yYYAjGAWzdFUSdaXWg+QDA/; Expires=Thu, 13 Aug 2020 08:01:20 GMT; Path=/
set-cookie: AWSALBCORS=uwQTbMH45DSR/uxBKslDNQJiqdDEu4F7YQU3u3OUaGDsIf5P3PYd+FBkKhFulAX+UxQmASzB6+KAu5cYNnLPpjUMAyTe85quyTWr1yYYAjGAWzdFUSdaXWg+QDA/; Expires=Thu, 13 Aug 2020 08:01:20 GMT; Path=/; SameSite=None
cmr-request-id: 7b1a5692-3650-47a6-8a3f-1071743e27b7
x-request-id: 7b1a5692-3650-47a6-8a3f-1071743e27b7
server: Jetty(9.4.z-SNAPSHOT)
strict-transport-security: max-age=31536000; includeSubdomains; preload
x-cache: Miss from cloudfront
via: 1.1 fddbad7aec367179f2d03347739a2c54.cloudfront.net (CloudFront)
x-amz-cf-pop: ATL56-C2
x-amz-cf-id: 1498YR4yl6iPCB5kt7KlmC_N0Xd7aYQLO0VtNg8GM8A0iSaYMDlQAg==

<?xml version="1.0" encoding="UTF-8"?><result><concept-id>C1236807472-POCLOUD</concept-id><revision-id>1</revision-id><warnings></warnings></result>HTTP/2 201 
content-type: application/xml
content-length: 148
date: Thu, 06 Aug 2020 08:01:21 GMT
set-cookie: AWSALB=HDRqi7a2V7nfb7Ex7m470458rjq1VLTL2qxWCN50//LkOT7Q2CV8J6Xrn56NFCvU51yRBpceB+L3LvQD5iptMkmv03SHmkkXIUzEGkF22l392Axp9kvjFiXeYxIO; Expires=Thu, 13 Aug 2020 08:01:21 GMT; Path=/
set-cookie: AWSALBCORS=HDRqi7a2V7nfb7Ex7m470458rjq1VLTL2qxWCN50//LkOT7Q2CV8J6Xrn56NFCvU51yRBpceB+L3LvQD5iptMkmv03SHmkkXIUzEGkF22l392Axp9kvjFiXeYxIO; Expires=Thu, 13 Aug 2020 08:01:21 GMT; Path=/; SameSite=None
cmr-request-id: fef1d31b-1d6c-406d-a606-f417ab8613e3
x-request-id: fef1d31b-1d6c-406d-a606-f417ab8613e3
server: Jetty(9.4.z-SNAPSHOT)
strict-transport-security: max-age=31536000; includeSubdomains; preload
x-cache: Miss from cloudfront
via: 1.1 f4710a63efd91d46133023148eb02e4e.cloudfront.net (CloudFront)
x-amz-cf-pop: ATL56-C2
x-amz-cf-id: JTux6fKMkZ1yDKAHcvr5mCuelhgjdsqwaIWhEDEyvZb5WMxYYDmNqg==

<?xml version="1.0" encoding="UTF-8"?><result><concept-id>C1236807473-POCLOUD</concept-id><revision-id>1</revision-id><warnings></warnings></result>HTTP/2 201 
content-type: application/xml
content-length: 148
date: Thu, 06 Aug 2020 08:01:21 GMT
set-cookie: AWSALB=ctyVYSvAcTeji9yUZ8520j/GGRf2Va2A9qy1KifKpHCgt971LW8nGqrJdx1TGwJSir4abMEjMipvYih9dJYkKLjzXFAjhwLElNClFuIPRHRgtqN/kictKbgGjfqM; Expires=Thu, 13 Aug 2020 08:01:21 GMT; Path=/
set-cookie: AWSALBCORS=ctyVYSvAcTeji9yUZ8520j/GGRf2Va2A9qy1KifKpHCgt971LW8nGqrJdx1TGwJSir4abMEjMipvYih9dJYkKLjzXFAjhwLElNClFuIPRHRgtqN/kictKbgGjfqM; Expires=Thu, 13 Aug 2020 08:01:21 GMT; Path=/; SameSite=None
cmr-request-id: c82a3763-40d0-4ebc-8d18-ffaaf8bcce86
x-request-id: c82a3763-40d0-4ebc-8d18-ffaaf8bcce86
server: Jetty(9.4.z-SNAPSHOT)
strict-transport-security: max-age=31536000; includeSubdomains; preload
x-cache: Miss from cloudfront
via: 1.1 2d26ba7e90592f6aaf3e7940a7088a63.cloudfront.net (CloudFront)
x-amz-cf-pop: ATL56-C2
x-amz-cf-id: XDEj4M697siUzyvrtZYSHThUEVC4VFM1RyMppL7yXNV4hPqAk2PXrw==

<?xml version="1.0" encoding="UTF-8"?><result><concept-id>C1236807474-POCLOUD</concept-id><revision-id>1</revision-id><warnings></warnings></result>HTTP/2 201 
content-type: application/xml
content-length: 148
date: Thu, 06 Aug 2020 08:01:22 GMT
set-cookie: AWSALB=kk+N97PXIwp4XNaWgWiaxPblHhnij5PJg0vGPVqTaRp3y5kaxauHLwjd0o0yruHil65Kte69FE5HVTdCFB7MGyWZqektEsC7I9kQyKrPpO/OdkmLqjh+r6QEoMZd; Expires=Thu, 13 Aug 2020 08:01:21 GMT; Path=/
set-cookie: AWSALBCORS=kk+N97PXIwp4XNaWgWiaxPblHhnij5PJg0vGPVqTaRp3y5kaxauHLwjd0o0yruHil65Kte69FE5HVTdCFB7MGyWZqektEsC7I9kQyKrPpO/OdkmLqjh+r6QEoMZd; Expires=Thu, 13 Aug 2020 08:01:21 GMT; Path=/; SameSite=None
cmr-request-id: bce8bf11-0a13-4d70-817b-450da2c344c3
x-request-id: bce8bf11-0a13-4d70-817b-450da2c344c3
server: Jetty(9.4.z-SNAPSHOT)
strict-transport-security: max-age=31536000; includeSubdomains; preload
x-cache: Miss from cloudfront
via: 1.1 b2f9e47860fb9957b48159f2b1f3173e.cloudfront.net (CloudFront)
x-amz-cf-pop: ATL56-C2
x-amz-cf-id: ZdaeJKipvRICniYHa4mbfJThaCkiLXDPHSsKc8nuG5prOOUE8EHOwQ==

<?xml version="1.0" encoding="UTF-8"?><result><concept-id>C1236807475-POCLOUD</concept-id><revision-id>1</revision-id><warnings></warnings></result>HTTP/2 201 
content-type: application/xml
content-length: 148
date: Thu, 06 Aug 2020 08:01:22 GMT
set-cookie: AWSALB=PGyzis7mmSCyfN/p5kSIXEXcc6r6cXRJzEdeSoMLjveKSQ2Yc19a5ywpZKfGiYs4WI5MCefD97NL5YHGm9jMC3bHm+sEJFDHDIKZRJBNFmIs2whFItrSdw/bSd7Y; Expires=Thu, 13 Aug 2020 08:01:22 GMT; Path=/
set-cookie: AWSALBCORS=PGyzis7mmSCyfN/p5kSIXEXcc6r6cXRJzEdeSoMLjveKSQ2Yc19a5ywpZKfGiYs4WI5MCefD97NL5YHGm9jMC3bHm+sEJFDHDIKZRJBNFmIs2whFItrSdw/bSd7Y; Expires=Thu, 13 Aug 2020 08:01:22 GMT; Path=/; SameSite=None
cmr-request-id: a7c2ddcd-8dc5-4163-9c1e-397f13394676
x-request-id: a7c2ddcd-8dc5-4163-9c1e-397f13394676
server: Jetty(9.4.z-SNAPSHOT)
strict-transport-security: max-age=31536000; includeSubdomains; preload
x-cache: Miss from cloudfront
via: 1.1 324e207883291e8fd357e9f1710d8712.cloudfront.net (CloudFront)
x-amz-cf-pop: ATL56-C2
x-amz-cf-id: 0omWlv4AJ9qIcoa76Uw2WN9NRErSoTHgGEuqQVJzDuYknWlEYPyxjw==

<?xml version="1.0" encoding="UTF-8"?><result><concept-id>C1236807476-POCLOUD</concept-id><revision-id>1</revision-id><warnings></warnings></result>HTTP/2 201 
content-type: application/xml
content-length: 148
date: Thu, 06 Aug 2020 08:01:22 GMT
set-cookie: AWSALB=XKAGo1GLgd+7iSkd12UIWkxFYVPZxj3svMErXOWZlPd1+evm/pO4xlIMZIf5HSTfpOnBB4nzfLdUh7vpvKXiPq8cfKst4Zc2QvBYIljXJZdB79TuzlRxBuiDONSj; Expires=Thu, 13 Aug 2020 08:01:22 GMT; Path=/
set-cookie: AWSALBCORS=XKAGo1GLgd+7iSkd12UIWkxFYVPZxj3svMErXOWZlPd1+evm/pO4xlIMZIf5HSTfpOnBB4nzfLdUh7vpvKXiPq8cfKst4Zc2QvBYIljXJZdB79TuzlRxBuiDONSj; Expires=Thu, 13 Aug 2020 08:01:22 GMT; Path=/; SameSite=None
cmr-request-id: 8f4bac09-79e8-4d80-ab9d-203e1771d4b6
x-request-id: 8f4bac09-79e8-4d80-ab9d-203e1771d4b6
server: Jetty(9.4.z-SNAPSHOT)
strict-transport-security: max-age=31536000; includeSubdomains; preload
x-cache: Miss from cloudfront
via: 1.1 db54cbd0c28033d26b5b2713c6fec168.cloudfront.net (CloudFront)
x-amz-cf-pop: ATL56-C2
x-amz-cf-id: kR46gnvlbjUITZbWWfvL1ZAInMXeGut6F68MkMgKCv6eyKIgjg-iow==

<?xml version="1.0" encoding="UTF-8"?><result><concept-id>C1236807477-POCLOUD</concept-id><revision-id>1</revision-id><warnings></warnings></result>HTTP/2 201 
content-type: application/xml
content-length: 148
date: Thu, 06 Aug 2020 08:01:23 GMT
set-cookie: AWSALB=CAo9lSkm0fXL/jhvw9hTOiwSJoCepQQJ1Ot8tMPrlrnh/e5jwQmDM8dkBkMdniAL107COEFKjnQcSc6IjIKTTq8qAv1HJLdSrAWj+T7s8K3DPatS0mXxZpwqoDex; Expires=Thu, 13 Aug 2020 08:01:22 GMT; Path=/
set-cookie: AWSALBCORS=CAo9lSkm0fXL/jhvw9hTOiwSJoCepQQJ1Ot8tMPrlrnh/e5jwQmDM8dkBkMdniAL107COEFKjnQcSc6IjIKTTq8qAv1HJLdSrAWj+T7s8K3DPatS0mXxZpwqoDex; Expires=Thu, 13 Aug 2020 08:01:22 GMT; Path=/; SameSite=None
cmr-request-id: a9704da7-fdff-4bf5-9c1b-43caa195557e
x-request-id: a9704da7-fdff-4bf5-9c1b-43caa195557e
server: Jetty(9.4.z-SNAPSHOT)
strict-transport-security: max-age=31536000; includeSubdomains; preload
x-cache: Miss from cloudfront
via: 1.1 e50a33d388ee6a1e9bd2e2a8e9ebd67f.cloudfront.net (CloudFront)
x-amz-cf-pop: ATL56-C2
x-amz-cf-id: 3_J7qpojmUSXAxhtCdbPgytkBz0l8K-ZOrtHRPeuYAnoqnmCxMH3ig==

<?xml version="1.0" encoding="UTF-8"?><result><concept-id>C1236807478-POCLOUD</concept-id><revision-id>1</revision-id><warnings></warnings></result>HTTP/2 201 
content-type: application/xml
content-length: 148
date: Thu, 06 Aug 2020 08:01:23 GMT
set-cookie: AWSALB=jB46XJ0UYLCAdMe42mFXnLZwKM0qMzdu/m+jt3604Go59fCOZLvebWb1c7BsOe4PMHBAfLwD5SKabHYkg/GQDLjzwG5RoNLyC7ze1iMDU3dkSL4va1JvDcUAUwJ6; Expires=Thu, 13 Aug 2020 08:01:23 GMT; Path=/
set-cookie: AWSALBCORS=jB46XJ0UYLCAdMe42mFXnLZwKM0qMzdu/m+jt3604Go59fCOZLvebWb1c7BsOe4PMHBAfLwD5SKabHYkg/GQDLjzwG5RoNLyC7ze1iMDU3dkSL4va1JvDcUAUwJ6; Expires=Thu, 13 Aug 2020 08:01:23 GMT; Path=/; SameSite=None
cmr-request-id: 5a029c78-9aa4-474d-b389-327783884220
x-request-id: 5a029c78-9aa4-474d-b389-327783884220
server: Jetty(9.4.z-SNAPSHOT)
strict-transport-security: max-age=31536000; includeSubdomains; preload
x-cache: Miss from cloudfront
via: 1.1 5d3d40c74cdfa639c030aebd1e9e70ee.cloudfront.net (CloudFront)
x-amz-cf-pop: ATL56-C2
x-amz-cf-id: pU_Wi9U80re7pNPSe6ntg4CjF8u1LDHTrwyhtW25mGhCxujinOGk1A==

<?xml version="1.0" encoding="UTF-8"?><result><concept-id>C1236807479-POCLOUD</concept-id><revision-id>1</revision-id><warnings></warnings></result>HTTP/2 201 
content-type: application/xml
content-length: 148
date: Thu, 06 Aug 2020 08:01:23 GMT
set-cookie: AWSALB=GLRRDBn5mCM2mksQHlrRXdNrryj0aRgBfu/XpY208yuI+GJnVeJPyryhd/7tknFYhfQpr0LdGO4rCB23gxz1aeUwqRZNbzrlOfQNZ1ZHcQPxdoBkVGoq1zth3Y57; Expires=Thu, 13 Aug 2020 08:01:23 GMT; Path=/
set-cookie: AWSALBCORS=GLRRDBn5mCM2mksQHlrRXdNrryj0aRgBfu/XpY208yuI+GJnVeJPyryhd/7tknFYhfQpr0LdGO4rCB23gxz1aeUwqRZNbzrlOfQNZ1ZHcQPxdoBkVGoq1zth3Y57; Expires=Thu, 13 Aug 2020 08:01:23 GMT; Path=/; SameSite=None
cmr-request-id: 1ab8b6ae-6a63-44b3-9d98-50d1d033e39c
x-request-id: 1ab8b6ae-6a63-44b3-9d98-50d1d033e39c
server: Jetty(9.4.z-SNAPSHOT)
strict-transport-security: max-age=31536000; includeSubdomains; preload
x-cache: Miss from cloudfront
via: 1.1 5d3d40c74cdfa639c030aebd1e9e70ee.cloudfront.net (CloudFront)
x-amz-cf-pop: ATL56-C2
x-amz-cf-id: pkeENfPR_DPL7bVR8XBrl7HSGhJIgHIjj_H8v92z4GkBuKS0HhBsGQ==

<?xml version="1.0" encoding="UTF-8"?><result><concept-id>C1236807480-POCLOUD</concept-id><revision-id>1</revision-id><warnings></warnings></result>HTTP/2 201 
content-type: application/xml
content-length: 148
date: Thu, 06 Aug 2020 08:01:24 GMT
set-cookie: AWSALB=wGREu02fM+WzvTPfpp33CsTi/sRI/kZXeBCRcZPEOlOAsUccbJhCU2+3KjSoRp6W7aX/r+07bL1Lpx34glv8HQjv+LNxUfvDuSeY4rdRG3Ie1khcuGovRwJt0f8g; Expires=Thu, 13 Aug 2020 08:01:24 GMT; Path=/
set-cookie: AWSALBCORS=wGREu02fM+WzvTPfpp33CsTi/sRI/kZXeBCRcZPEOlOAsUccbJhCU2+3KjSoRp6W7aX/r+07bL1Lpx34glv8HQjv+LNxUfvDuSeY4rdRG3Ie1khcuGovRwJt0f8g; Expires=Thu, 13 Aug 2020 08:01:24 GMT; Path=/; SameSite=None
cmr-request-id: cbef78ac-ff96-42b4-9158-9aadfd106592
x-request-id: cbef78ac-ff96-42b4-9158-9aadfd106592
server: Jetty(9.4.z-SNAPSHOT)
strict-transport-security: max-age=31536000; includeSubdomains; preload
x-cache: Miss from cloudfront
via: 1.1 2a09fa5fd8ab41f26397f9ec7ba80deb.cloudfront.net (CloudFront)
x-amz-cf-pop: ATL56-C2
x-amz-cf-id: hwZ3NWj-F2NkntPlI8-l94Yd4CKinEJpiP19xJgqA5ICq2gvDJ3gZQ==

<?xml version="1.0" encoding="UTF-8"?><result><concept-id>C1236807481-POCLOUD</concept-id><revision-id>1</revision-id><warnings></warnings></result>HTTP/2 201 
content-type: application/xml
content-length: 148
date: Thu, 06 Aug 2020 08:01:24 GMT
set-cookie: AWSALB=i5NjnQtWm5FdJfgRsboJXbrXGdtN/QxUFlAskLKnxof539/vnh6gH6MKJtr2OuExSh1Q+5TG9HH2nfJmaobE6jHBRUk8q688xV+ZCJfbQ6SayFgaBsex4qL4y2tx; Expires=Thu, 13 Aug 2020 08:01:24 GMT; Path=/
set-cookie: AWSALBCORS=i5NjnQtWm5FdJfgRsboJXbrXGdtN/QxUFlAskLKnxof539/vnh6gH6MKJtr2OuExSh1Q+5TG9HH2nfJmaobE6jHBRUk8q688xV+ZCJfbQ6SayFgaBsex4qL4y2tx; Expires=Thu, 13 Aug 2020 08:01:24 GMT; Path=/; SameSite=None
cmr-request-id: d486b5a5-b9c3-419e-906d-6a761c6700a5
x-request-id: d486b5a5-b9c3-419e-906d-6a761c6700a5
server: Jetty(9.4.z-SNAPSHOT)
strict-transport-security: max-age=31536000; includeSubdomains; preload
x-cache: Miss from cloudfront
via: 1.1 816aeb9de18ed2b66e9ec9e5dc0466b9.cloudfront.net (CloudFront)
x-amz-cf-pop: ATL56-C2
x-amz-cf-id: s_lvGUvEmQAEEcebFbhrZMtw_Ud1sGbKs_9HeM4aHQ7kL7ZHaS3mNg==

<?xml version="1.0" encoding="UTF-8"?><result><concept-id>C1236807482-POCLOUD</concept-id><revision-id>1</revision-id><warnings></warnings></result>HTTP/2 201 
content-type: application/xml
content-length: 148
date: Thu, 06 Aug 2020 08:01:24 GMT
set-cookie: AWSALB=c2SnruZex/bo5rFabsh2c6iSU+G2byiOXW73bKqM30x44yBS+qkXJUy0vhTkUHwO4ZXMTUfhakg1h98CRjk1cDSWOSu1LXPIe5PE7c+R/3EUEwDaeqkSJKo7og9t; Expires=Thu, 13 Aug 2020 08:01:24 GMT; Path=/
set-cookie: AWSALBCORS=c2SnruZex/bo5rFabsh2c6iSU+G2byiOXW73bKqM30x44yBS+qkXJUy0vhTkUHwO4ZXMTUfhakg1h98CRjk1cDSWOSu1LXPIe5PE7c+R/3EUEwDaeqkSJKo7og9t; Expires=Thu, 13 Aug 2020 08:01:24 GMT; Path=/; SameSite=None
cmr-request-id: 0f0cf2a3-0bbc-4310-9bb4-66e3ca013af4
x-request-id: 0f0cf2a3-0bbc-4310-9bb4-66e3ca013af4
server: Jetty(9.4.z-SNAPSHOT)
strict-transport-security: max-age=31536000; includeSubdomains; preload
x-cache: Miss from cloudfront
via: 1.1 10e097854031ad4b35d889972f6b90c6.cloudfront.net (CloudFront)
x-amz-cf-pop: ATL56-C2
x-amz-cf-id: JOX7lJ7CwMzvDvWQwPfkiOK1flvJSJiPPXI3jgAQe0VkMOoshJGMJA==

<?xml version="1.0" encoding="UTF-8"?><result><concept-id>C1236807483-POCLOUD</concept-id><revision-id>1</revision-id><warnings></warnings></result>HTTP/2 201 
content-type: application/xml
content-length: 148
date: Thu, 06 Aug 2020 08:01:25 GMT
set-cookie: AWSALB=ijSG7zWt0urJgFX2K7bMSouMhDkztRVTBus+xbvzq17KmaPQuJsJ8fzWMhwYNoP/YaK4dqMd2WZQmqLROsIOcAeZWK+gB8z91lMFp4s+dgod7Q/zRM/ssjCvSGms; Expires=Thu, 13 Aug 2020 08:01:25 GMT; Path=/
set-cookie: AWSALBCORS=ijSG7zWt0urJgFX2K7bMSouMhDkztRVTBus+xbvzq17KmaPQuJsJ8fzWMhwYNoP/YaK4dqMd2WZQmqLROsIOcAeZWK+gB8z91lMFp4s+dgod7Q/zRM/ssjCvSGms; Expires=Thu, 13 Aug 2020 08:01:25 GMT; Path=/; SameSite=None
cmr-request-id: 5e95f793-ca5c-4b28-bef9-3f76e440943a
x-request-id: 5e95f793-ca5c-4b28-bef9-3f76e440943a
server: Jetty(9.4.z-SNAPSHOT)
strict-transport-security: max-age=31536000; includeSubdomains; preload
x-cache: Miss from cloudfront
via: 1.1 f4710a63efd91d46133023148eb02e4e.cloudfront.net (CloudFront)
x-amz-cf-pop: ATL56-C2
x-amz-cf-id: erE2EMkKrlFcfsAz0yPCgL3vMYw246hEAe5F6OaXU9FQ9adszj_lRw==

<?xml version="1.0" encoding="UTF-8"?><result><concept-id>C1236807484-POCLOUD</concept-id><revision-id>1</revision-id><warnings></warnings></result>HTTP/2 201 
content-type: application/xml
content-length: 148
date: Thu, 06 Aug 2020 08:01:25 GMT
set-cookie: AWSALB=wQj7Zuy1pfVzaonsDwfpp8xnEXZFSrOuxCDxMNOxFnYCO/Qqcu7I79plZ2tNBMD+M6CFlBgzWUDHKFIIzYTonb7v80xnbAFjRKc/9L/0FJzt3RjSqsFwTe02gCYG; Expires=Thu, 13 Aug 2020 08:01:25 GMT; Path=/
set-cookie: AWSALBCORS=wQj7Zuy1pfVzaonsDwfpp8xnEXZFSrOuxCDxMNOxFnYCO/Qqcu7I79plZ2tNBMD+M6CFlBgzWUDHKFIIzYTonb7v80xnbAFjRKc/9L/0FJzt3RjSqsFwTe02gCYG; Expires=Thu, 13 Aug 2020 08:01:25 GMT; Path=/; SameSite=None
cmr-request-id: 4de9416f-e098-4930-ad2c-aeb9fbaa440c
x-request-id: 4de9416f-e098-4930-ad2c-aeb9fbaa440c
server: Jetty(9.4.z-SNAPSHOT)
strict-transport-security: max-age=31536000; includeSubdomains; preload
x-cache: Miss from cloudfront
via: 1.1 3ffea538872bae08b66cb88fd02cc0db.cloudfront.net (CloudFront)
x-amz-cf-pop: ATL56-C2
x-amz-cf-id: 7xrRsjudkkiGZchIC6GV5JtQKSRBCdGrp2R3PeFfk5AIrVzFHRkNYQ==

<?xml version="1.0" encoding="UTF-8"?><result><concept-id>C1236807485-POCLOUD</concept-id><revision-id>1</revision-id><warnings></warnings></result>HTTP/2 201 
content-type: application/xml
content-length: 148
date: Thu, 06 Aug 2020 08:01:25 GMT
set-cookie: AWSALB=yanm9QsOnxfNZgFtyf6waHcA51gLDGWtpJQ7wEAlG37NCNSS4bXI0MhcJE4qt9hEcP98XOoPINvu7sPw69lSWMebqscrJnBONz6hs038Jw4SyaUSHjhBkYwptRDX; Expires=Thu, 13 Aug 2020 08:01:25 GMT; Path=/
set-cookie: AWSALBCORS=yanm9QsOnxfNZgFtyf6waHcA51gLDGWtpJQ7wEAlG37NCNSS4bXI0MhcJE4qt9hEcP98XOoPINvu7sPw69lSWMebqscrJnBONz6hs038Jw4SyaUSHjhBkYwptRDX; Expires=Thu, 13 Aug 2020 08:01:25 GMT; Path=/; SameSite=None
cmr-request-id: f3df9c54-1149-4d38-8d8c-28ee697ca56a
x-request-id: f3df9c54-1149-4d38-8d8c-28ee697ca56a
server: Jetty(9.4.z-SNAPSHOT)
strict-transport-security: max-age=31536000; includeSubdomains; preload
x-cache: Miss from cloudfront
via: 1.1 6c635014c5e34cfe71b5baa57a471bdb.cloudfront.net (CloudFront)
x-amz-cf-pop: ATL56-C2
x-amz-cf-id: Coc4qByJwGzvTrPhXVO50Tv8qLGw93sZp8Lrp6BgtDwJOYaiIZvPhQ==

<?xml version="1.0" encoding="UTF-8"?><result><concept-id>C1236807486-POCLOUD</concept-id><revision-id>1</revision-id><warnings></warnings></result>HTTP/2 201 
content-type: application/xml
content-length: 148
date: Thu, 06 Aug 2020 08:01:26 GMT
set-cookie: AWSALB=XkHWOuOfT7xGtXcNF4D7CJGUrrVgpdc50saJG8l/INFGus3rYGJ+9HmVacsxiYS35lOLmi+CmxQdaX9SyWTiN6IsUHVZtNFHBa+TJxuhupDUhVFyom9pHlaS854r; Expires=Thu, 13 Aug 2020 08:01:26 GMT; Path=/
set-cookie: AWSALBCORS=XkHWOuOfT7xGtXcNF4D7CJGUrrVgpdc50saJG8l/INFGus3rYGJ+9HmVacsxiYS35lOLmi+CmxQdaX9SyWTiN6IsUHVZtNFHBa+TJxuhupDUhVFyom9pHlaS854r; Expires=Thu, 13 Aug 2020 08:01:26 GMT; Path=/; SameSite=None
cmr-request-id: cb58f1df-7e71-436b-818f-ea8afe896e10
x-request-id: cb58f1df-7e71-436b-818f-ea8afe896e10
server: Jetty(9.4.z-SNAPSHOT)
strict-transport-security: max-age=31536000; includeSubdomains; preload
x-cache: Miss from cloudfront
via: 1.1 1dc78b483a05802622534dc6e5ba6781.cloudfront.net (CloudFront)
x-amz-cf-pop: ATL56-C2
x-amz-cf-id: dxHv4p4IYB1gr-bSsk2aLiSLYOWVv7CsJt8kiB92MhyJnU4Nb1wEIQ==

<?xml version="1.0" encoding="UTF-8"?><result><concept-id>C1236807487-POCLOUD</concept-id><revision-id>1</revision-id><warnings></warnings></result>HTTP/2 201 
content-type: application/xml
content-length: 148
date: Thu, 06 Aug 2020 08:01:26 GMT
set-cookie: AWSALB=oKZ4mW49Ti+4UkgiD+w80fe7HBIkotarRXG7TuC86hU1j581WQ0uRubhG+h4Wrrex5a09KLIomEKwWfibagrptyVCzZiguH/ypIcYgfr/QfPmfjXtMeGETpli2nm; Expires=Thu, 13 Aug 2020 08:01:26 GMT; Path=/
set-cookie: AWSALBCORS=oKZ4mW49Ti+4UkgiD+w80fe7HBIkotarRXG7TuC86hU1j581WQ0uRubhG+h4Wrrex5a09KLIomEKwWfibagrptyVCzZiguH/ypIcYgfr/QfPmfjXtMeGETpli2nm; Expires=Thu, 13 Aug 2020 08:01:26 GMT; Path=/; SameSite=None
cmr-request-id: b7223fa8-08e5-4aff-8b7a-15c8b98a3f50
x-request-id: b7223fa8-08e5-4aff-8b7a-15c8b98a3f50
server: Jetty(9.4.z-SNAPSHOT)
strict-transport-security: max-age=31536000; includeSubdomains; preload
x-cache: Miss from cloudfront
via: 1.1 816aeb9de18ed2b66e9ec9e5dc0466b9.cloudfront.net (CloudFront)
x-amz-cf-pop: ATL56-C2
x-amz-cf-id: kzzBHbfle10jf2KeOPIAvV2HKUWZLUnUbqZJ137O7tFVF8ih78OjKw==

<?xml version="1.0" encoding="UTF-8"?><result><concept-id>C1236807488-POCLOUD</concept-id><revision-id>1</revision-id><warnings></warnings></result>HTTP/2 201 
content-type: application/xml
content-length: 148
date: Thu, 06 Aug 2020 08:01:27 GMT
set-cookie: AWSALB=piM0iclGxgqEfMF5F0MM1O45NOrqKVCf6cLArAwyinu2feq9wUgXkyhIrXZKd6SCOGPEFxDY069n3NH1brAZQD7KHCR4vTLCnnFhNy5N0Ev02pQ2thx/gho42+Lf; Expires=Thu, 13 Aug 2020 08:01:26 GMT; Path=/
set-cookie: AWSALBCORS=piM0iclGxgqEfMF5F0MM1O45NOrqKVCf6cLArAwyinu2feq9wUgXkyhIrXZKd6SCOGPEFxDY069n3NH1brAZQD7KHCR4vTLCnnFhNy5N0Ev02pQ2thx/gho42+Lf; Expires=Thu, 13 Aug 2020 08:01:26 GMT; Path=/; SameSite=None
cmr-request-id: 0b796940-7288-43d2-b508-09be5af3b361
x-request-id: 0b796940-7288-43d2-b508-09be5af3b361
server: Jetty(9.4.z-SNAPSHOT)
strict-transport-security: max-age=31536000; includeSubdomains; preload
x-cache: Miss from cloudfront
via: 1.1 6a8454479275f0c3d09d4129ba690f51.cloudfront.net (CloudFront)
x-amz-cf-pop: ATL56-C2
x-amz-cf-id: h2yhcCjpb6z6MSfK6s_04UdaCI0shxQjyxTfaWfmma1Qf84fjt9_iQ==

<?xml version="1.0" encoding="UTF-8"?><result><concept-id>C1236807489-POCLOUD</concept-id><revision-id>1</revision-id><warnings></warnings></result>HTTP/2 201 
content-type: application/xml
content-length: 148
date: Thu, 06 Aug 2020 08:01:27 GMT
set-cookie: AWSALB=HbU0b6MT0KWbSDbhduXiAiwB0HuglHBwpXqRNfvFeISxmjoKB88n9DnpBqil2zKcx27Wml86HqT1gUwiXndUYMcPuIxNJ1LgFXm5H1ysOwrV65IePm9fHkdGBI5Y; Expires=Thu, 13 Aug 2020 08:01:27 GMT; Path=/
set-cookie: AWSALBCORS=HbU0b6MT0KWbSDbhduXiAiwB0HuglHBwpXqRNfvFeISxmjoKB88n9DnpBqil2zKcx27Wml86HqT1gUwiXndUYMcPuIxNJ1LgFXm5H1ysOwrV65IePm9fHkdGBI5Y; Expires=Thu, 13 Aug 2020 08:01:27 GMT; Path=/; SameSite=None
cmr-request-id: e79aea52-e0ae-421d-b390-2938e46299dc
x-request-id: e79aea52-e0ae-421d-b390-2938e46299dc
server: Jetty(9.4.z-SNAPSHOT)
strict-transport-security: max-age=31536000; includeSubdomains; preload
x-cache: Miss from cloudfront
via: 1.1 ffec1e0df06416c9960ed4a059f14bb3.cloudfront.net (CloudFront)
x-amz-cf-pop: ATL56-C2
x-amz-cf-id: doxmsq_-294Y4qSNQjvBydsCuX6PH-x62pal1ZkqiV43QL7uJlsK1Q==

<?xml version="1.0" encoding="UTF-8"?><result><concept-id>C1236807490-POCLOUD</concept-id><revision-id>1</revision-id><warnings></warnings></result>HTTP/2 201 
content-type: application/xml
content-length: 148
date: Thu, 06 Aug 2020 08:01:27 GMT
set-cookie: AWSALB=7/mCH7a6xdrUkHf674yPMFb1U3iL1Kui4uaxDodB6w4xqzxN5U7889fFYzk9juWbvOiGzQKmxCH+6yZ7JjduDx1GK8UgH62kqW1i67+VStasJ0DO7jhPEzxEqHfe; Expires=Thu, 13 Aug 2020 08:01:27 GMT; Path=/
set-cookie: AWSALBCORS=7/mCH7a6xdrUkHf674yPMFb1U3iL1Kui4uaxDodB6w4xqzxN5U7889fFYzk9juWbvOiGzQKmxCH+6yZ7JjduDx1GK8UgH62kqW1i67+VStasJ0DO7jhPEzxEqHfe; Expires=Thu, 13 Aug 2020 08:01:27 GMT; Path=/; SameSite=None
cmr-request-id: 364484be-c5a2-4b20-b6b0-0acf24fb44f8
x-request-id: 364484be-c5a2-4b20-b6b0-0acf24fb44f8
server: Jetty(9.4.z-SNAPSHOT)
strict-transport-security: max-age=31536000; includeSubdomains; preload
x-cache: Miss from cloudfront
via: 1.1 589d518997ccd05a23679df5a68e6388.cloudfront.net (CloudFront)
x-amz-cf-pop: ATL56-C2
x-amz-cf-id: aAO3RPFycoYeSCRa3laRqVUY8WXBLm1b-9q72ZPxXoUdkipbED-_JA==

<?xml version="1.0" encoding="UTF-8"?><result><concept-id>C1236807491-POCLOUD</concept-id><revision-id>1</revision-id><warnings></warnings></result>HTTP/2 201 
content-type: application/xml
content-length: 148
date: Thu, 06 Aug 2020 08:01:28 GMT
set-cookie: AWSALB=LgT7nzxVq61h6NBaQSdpVPrzMvc7d1LtX90hr895rrpvGSq++zJ5smMs1FoSTo5eVyyAvOZrvzUX02xsjOFN44WdCN2x5WtPHmNczamkjqF5L/ZP03KY7qN8or95; Expires=Thu, 13 Aug 2020 08:01:27 GMT; Path=/
set-cookie: AWSALBCORS=LgT7nzxVq61h6NBaQSdpVPrzMvc7d1LtX90hr895rrpvGSq++zJ5smMs1FoSTo5eVyyAvOZrvzUX02xsjOFN44WdCN2x5WtPHmNczamkjqF5L/ZP03KY7qN8or95; Expires=Thu, 13 Aug 2020 08:01:27 GMT; Path=/; SameSite=None
cmr-request-id: 7d335a4f-ce93-4bf9-9d71-aefc1da6a21e
x-request-id: 7d335a4f-ce93-4bf9-9d71-aefc1da6a21e
server: Jetty(9.4.z-SNAPSHOT)
strict-transport-security: max-age=31536000; includeSubdomains; preload
x-cache: Miss from cloudfront
via: 1.1 fc91269dd5458b3f07374cad6790aecd.cloudfront.net (CloudFront)
x-amz-cf-pop: ATL56-C2
x-amz-cf-id: 9jePXLS7zZXKXuW6pegDP0umj_XrMpz3T1qukv0EdClZPYvAHvudmA==

<?xml version="1.0" encoding="UTF-8"?><result><concept-id>C1236807492-POCLOUD</concept-id><revision-id>1</revision-id><warnings></warnings></result>HTTP/2 201 
content-type: application/xml
content-length: 148
date: Thu, 06 Aug 2020 08:01:28 GMT
set-cookie: AWSALB=KQ/PGU0vdU7hSZBb5SriUIWDXtYiXw+L77vp/hPw7TObOXRrM8Kggx3rhRGliJhlwPYgWCZda+dEtIP0iRlr+/zRUZ6C6NAefjAOTPjZ035Hj7uK+JWcc7JGjmof; Expires=Thu, 13 Aug 2020 08:01:28 GMT; Path=/
set-cookie: AWSALBCORS=KQ/PGU0vdU7hSZBb5SriUIWDXtYiXw+L77vp/hPw7TObOXRrM8Kggx3rhRGliJhlwPYgWCZda+dEtIP0iRlr+/zRUZ6C6NAefjAOTPjZ035Hj7uK+JWcc7JGjmof; Expires=Thu, 13 Aug 2020 08:01:28 GMT; Path=/; SameSite=None
cmr-request-id: 0c29d8b7-a14b-4b33-ab91-fd9f4c722db5
x-request-id: 0c29d8b7-a14b-4b33-ab91-fd9f4c722db5
server: Jetty(9.4.z-SNAPSHOT)
strict-transport-security: max-age=31536000; includeSubdomains; preload
x-cache: Miss from cloudfront
via: 1.1 3f04207ac26aea3851a49c14dde50426.cloudfront.net (CloudFront)
x-amz-cf-pop: ATL56-C2
x-amz-cf-id: rHnZhjCnqDPl_g1UGxSELpumseCQEx-ESSbvkXNDSwzROSf51NXeDQ==

<?xml version="1.0" encoding="UTF-8"?><result><concept-id>C1236807493-POCLOUD</concept-id><revision-id>1</revision-id><warnings></warnings></result>HTTP/2 201 
content-type: application/xml
content-length: 148
date: Thu, 06 Aug 2020 08:01:28 GMT
set-cookie: AWSALB=yN31KdBsvDDY4gU7Iq/cR2Ws3s30Cj18Lg4l4K0DEkoHycVw9VmdcjnSjL4ZRCTDBmfYFPXJqR60S6fkt/Y/PHgK3iP752lCTD0mnrHYlF2LxPSiMKqFTRuxIL+p; Expires=Thu, 13 Aug 2020 08:01:28 GMT; Path=/
set-cookie: AWSALBCORS=yN31KdBsvDDY4gU7Iq/cR2Ws3s30Cj18Lg4l4K0DEkoHycVw9VmdcjnSjL4ZRCTDBmfYFPXJqR60S6fkt/Y/PHgK3iP752lCTD0mnrHYlF2LxPSiMKqFTRuxIL+p; Expires=Thu, 13 Aug 2020 08:01:28 GMT; Path=/; SameSite=None
cmr-request-id: 4a6f3609-3bf1-4302-ac70-b99eae4022fe
x-request-id: 4a6f3609-3bf1-4302-ac70-b99eae4022fe
server: Jetty(9.4.z-SNAPSHOT)
strict-transport-security: max-age=31536000; includeSubdomains; preload
x-cache: Miss from cloudfront
via: 1.1 e336e2b3b1ef8ca114139d58ded48caf.cloudfront.net (CloudFront)
x-amz-cf-pop: ATL56-C2
x-amz-cf-id: z3aziMD88pCojpELHkjMI7ma9-KPTBRJU1EuTzfRPerben5dHY0uVA==

<?xml version="1.0" encoding="UTF-8"?><result><concept-id>C1236807494-POCLOUD</concept-id><revision-id>1</revision-id><warnings></warnings></result>HTTP/2 201 
content-type: application/xml
content-length: 148
date: Thu, 06 Aug 2020 08:01:29 GMT
set-cookie: AWSALB=EirjnlEpoI7Ps1plsM/LyzZiDniuxKAbMwT/UMopW8IfYMsI3CbxhKDy9fWUrkBoUUYje3IwlzP+JV/zhdUgUB2uGoWbZMQQpzo4GgzUom2F8Rt1GoQqvFO2RZD9; Expires=Thu, 13 Aug 2020 08:01:28 GMT; Path=/
set-cookie: AWSALBCORS=EirjnlEpoI7Ps1plsM/LyzZiDniuxKAbMwT/UMopW8IfYMsI3CbxhKDy9fWUrkBoUUYje3IwlzP+JV/zhdUgUB2uGoWbZMQQpzo4GgzUom2F8Rt1GoQqvFO2RZD9; Expires=Thu, 13 Aug 2020 08:01:28 GMT; Path=/; SameSite=None
cmr-request-id: 651bf22a-f77b-4cae-990f-e5b89a553266
x-request-id: 651bf22a-f77b-4cae-990f-e5b89a553266
server: Jetty(9.4.z-SNAPSHOT)
strict-transport-security: max-age=31536000; includeSubdomains; preload
x-cache: Miss from cloudfront
via: 1.1 fc91269dd5458b3f07374cad6790aecd.cloudfront.net (CloudFront)
x-amz-cf-pop: ATL56-C2
x-amz-cf-id: S8htnFYO3L0UEhWuTMoZqY7LQKvyVZr5yO6_xz4Mf8NGeG_19A4Rqg==

<?xml version="1.0" encoding="UTF-8"?><result><concept-id>C1236807495-POCLOUD</concept-id><revision-id>1</revision-id><warnings></warnings></result>HTTP/2 201 
content-type: application/xml
content-length: 148
date: Thu, 06 Aug 2020 08:01:29 GMT
set-cookie: AWSALB=K7Syv0e4pFhXo1pUYhDZN5XPZumUNpT6Jw8MqbIOTH0OGo2d2Etk863pIj5EzYcxi+KJqVzvFAQssr/JGF6hqbbJlatT/RH25jCSvsYjeokNXNpu13olqn6RYIs9; Expires=Thu, 13 Aug 2020 08:01:29 GMT; Path=/
set-cookie: AWSALBCORS=K7Syv0e4pFhXo1pUYhDZN5XPZumUNpT6Jw8MqbIOTH0OGo2d2Etk863pIj5EzYcxi+KJqVzvFAQssr/JGF6hqbbJlatT/RH25jCSvsYjeokNXNpu13olqn6RYIs9; Expires=Thu, 13 Aug 2020 08:01:29 GMT; Path=/; SameSite=None
cmr-request-id: 652e4ffb-bd78-4ed0-8802-b30b41f75daf
x-request-id: 652e4ffb-bd78-4ed0-8802-b30b41f75daf
server: Jetty(9.4.z-SNAPSHOT)
strict-transport-security: max-age=31536000; includeSubdomains; preload
x-cache: Miss from cloudfront
via: 1.1 1dc78b483a05802622534dc6e5ba6781.cloudfront.net (CloudFront)
x-amz-cf-pop: ATL56-C2
x-amz-cf-id: 5U8QVNxJSlZAkbi6uW846xvi4aXTSOLOPkNv2jfhgN9csHm45fILWw==

<?xml version="1.0" encoding="UTF-8"?><result><concept-id>C1236807496-POCLOUD</concept-id><revision-id>1</revision-id><warnings></warnings></result>HTTP/2 201 
content-type: application/xml
content-length: 148
date: Thu, 06 Aug 2020 08:01:29 GMT
set-cookie: AWSALB=geGJqJgq/9uxW0IorqwGXLrXa/JKTWC8eRLzwIIUfohYkgANnG4v/O65H/UFP+Fll0LlgcuIjNMT/U7TdTkF0pUb20IcILrQJ/0Ww8QmDWNaxfT++N5Q8kCCbrff; Expires=Thu, 13 Aug 2020 08:01:29 GMT; Path=/
set-cookie: AWSALBCORS=geGJqJgq/9uxW0IorqwGXLrXa/JKTWC8eRLzwIIUfohYkgANnG4v/O65H/UFP+Fll0LlgcuIjNMT/U7TdTkF0pUb20IcILrQJ/0Ww8QmDWNaxfT++N5Q8kCCbrff; Expires=Thu, 13 Aug 2020 08:01:29 GMT; Path=/; SameSite=None
cmr-request-id: 53a22115-eba9-4440-adca-0624b911a5ee
x-request-id: 53a22115-eba9-4440-adca-0624b911a5ee
server: Jetty(9.4.z-SNAPSHOT)
strict-transport-security: max-age=31536000; includeSubdomains; preload
x-cache: Miss from cloudfront
via: 1.1 b2f9e47860fb9957b48159f2b1f3173e.cloudfront.net (CloudFront)
x-amz-cf-pop: ATL56-C2
x-amz-cf-id: 03WieRcm2ELuqA7NPyjKHaq864unVGhThz7Sg2mmn6UcGQ43BiMWGg==

<?xml version="1.0" encoding="UTF-8"?><result><concept-id>C1236807497-POCLOUD</concept-id><revision-id>1</revision-id><warnings></warnings></result>HTTP/2 201 
content-type: application/xml
content-length: 148
date: Thu, 06 Aug 2020 08:01:30 GMT
set-cookie: AWSALB=XLEn8HlTK8uZIsQUOD5Vg3gE7qjG/MUkj++c8q+6+QT23jpBiImkeqRSpy9t2xiIG7j18RGPpvj/VltUAaQAAfdS08UicDBJ+axpWF4s3kvHSCnGMEn8Sn7VKaRX; Expires=Thu, 13 Aug 2020 08:01:29 GMT; Path=/
set-cookie: AWSALBCORS=XLEn8HlTK8uZIsQUOD5Vg3gE7qjG/MUkj++c8q+6+QT23jpBiImkeqRSpy9t2xiIG7j18RGPpvj/VltUAaQAAfdS08UicDBJ+axpWF4s3kvHSCnGMEn8Sn7VKaRX; Expires=Thu, 13 Aug 2020 08:01:29 GMT; Path=/; SameSite=None
cmr-request-id: 5f2a204c-d543-4605-88a5-ffb3a9a9ef82
x-request-id: 5f2a204c-d543-4605-88a5-ffb3a9a9ef82
server: Jetty(9.4.z-SNAPSHOT)
strict-transport-security: max-age=31536000; includeSubdomains; preload
x-cache: Miss from cloudfront
via: 1.1 f4710a63efd91d46133023148eb02e4e.cloudfront.net (CloudFront)
x-amz-cf-pop: ATL56-C2
x-amz-cf-id: xjxZ332tMRWMl2dyDDAEFWIGxaXLPWhevDm8Ap8BcUvAK_mDK1eU_g==

<?xml version="1.0" encoding="UTF-8"?><result><concept-id>C1236807498-POCLOUD</concept-id><revision-id>1</revision-id><warnings></warnings></result>HTTP/2 201 
content-type: application/xml
content-length: 148
date: Thu, 06 Aug 2020 08:01:30 GMT
set-cookie: AWSALB=2MRd53z2Wed5Rpzh7IVnW0XaiGHAG9yOD8b8lVado7OrFEcXMvr6McQykZDPCGNA1oxbR0N5tm+Ks3RTG0eNq2g3mw6BLSd2ttUzHl7u47NFPWXjszAJyfahqMdp; Expires=Thu, 13 Aug 2020 08:01:30 GMT; Path=/
set-cookie: AWSALBCORS=2MRd53z2Wed5Rpzh7IVnW0XaiGHAG9yOD8b8lVado7OrFEcXMvr6McQykZDPCGNA1oxbR0N5tm+Ks3RTG0eNq2g3mw6BLSd2ttUzHl7u47NFPWXjszAJyfahqMdp; Expires=Thu, 13 Aug 2020 08:01:30 GMT; Path=/; SameSite=None
cmr-request-id: 3aabe251-5eac-4606-a9e9-9b13029aad19
x-request-id: 3aabe251-5eac-4606-a9e9-9b13029aad19
server: Jetty(9.4.z-SNAPSHOT)
strict-transport-security: max-age=31536000; includeSubdomains; preload
x-cache: Miss from cloudfront
via: 1.1 7b7e50db6589e0f941d9a919773b8e8b.cloudfront.net (CloudFront)
x-amz-cf-pop: ATL56-C2
x-amz-cf-id: fNBK4QqAuQ0xjHSxvMaCyQVyQj01Ms-lTJyjuk5yJ742OO7wIrtOxw==

<?xml version="1.0" encoding="UTF-8"?><result><concept-id>C1236807499-POCLOUD</concept-id><revision-id>1</revision-id><warnings></warnings></result>HTTP/2 201 
content-type: application/xml
content-length: 148
date: Thu, 06 Aug 2020 08:01:31 GMT
set-cookie: AWSALB=BBLZcOlrqy5ZetODFmiod4cuv9bkURW/3HAzEa3XxEAXqNJG8UorTDlLCQAYI9iXVo1guUF2IqLrVkrWZadFWkW+WrwXOKHOBllPLuWuGw3cdSqZnT4eVHugv4+9; Expires=Thu, 13 Aug 2020 08:01:30 GMT; Path=/
set-cookie: AWSALBCORS=BBLZcOlrqy5ZetODFmiod4cuv9bkURW/3HAzEa3XxEAXqNJG8UorTDlLCQAYI9iXVo1guUF2IqLrVkrWZadFWkW+WrwXOKHOBllPLuWuGw3cdSqZnT4eVHugv4+9; Expires=Thu, 13 Aug 2020 08:01:30 GMT; Path=/; SameSite=None
cmr-request-id: 61cc8f8e-3156-4f07-bf19-cc67c0cf7ddf
x-request-id: 61cc8f8e-3156-4f07-bf19-cc67c0cf7ddf
server: Jetty(9.4.z-SNAPSHOT)
strict-transport-security: max-age=31536000; includeSubdomains; preload
x-cache: Miss from cloudfront
via: 1.1 c54903daf21f7fbf61850130aa9704ca.cloudfront.net (CloudFront)
x-amz-cf-pop: ATL56-C2
x-amz-cf-id: ogWIY6VbUCsMqgBGiO_GrpNqtltl4d8ITnJmJr05DXcX3X1jjFAHDg==

<?xml version="1.0" encoding="UTF-8"?><result><concept-id>C1236807500-POCLOUD</concept-id><revision-id>1</revision-id><warnings></warnings></result>HTTP/2 201 
content-type: application/xml
content-length: 148
date: Thu, 06 Aug 2020 08:01:31 GMT
set-cookie: AWSALB=SKZsT5RFftU5aknQdcuyjI8LTQYLIKY76BAlvfzLG2Wro/rLVr7ihFNGwe/kvsqV1IYuCj2x4dx1jir/LirjERQel75FQga472cTsFvIkA/gauLuTaqe0taWJj1a; Expires=Thu, 13 Aug 2020 08:01:31 GMT; Path=/
set-cookie: AWSALBCORS=SKZsT5RFftU5aknQdcuyjI8LTQYLIKY76BAlvfzLG2Wro/rLVr7ihFNGwe/kvsqV1IYuCj2x4dx1jir/LirjERQel75FQga472cTsFvIkA/gauLuTaqe0taWJj1a; Expires=Thu, 13 Aug 2020 08:01:31 GMT; Path=/; SameSite=None
cmr-request-id: a0f8c74f-7779-495c-aa2b-cfae4005b6b9
x-request-id: a0f8c74f-7779-495c-aa2b-cfae4005b6b9
server: Jetty(9.4.z-SNAPSHOT)
strict-transport-security: max-age=31536000; includeSubdomains; preload
x-cache: Miss from cloudfront
via: 1.1 31a7c7197e11d7c37a3fbc6d5705a4e9.cloudfront.net (CloudFront)
x-amz-cf-pop: ATL56-C2
x-amz-cf-id: RoW_MDsKTr23Zo17nWc3BiXXVsds98aZQgGyGuHHAzuAuJf4tnOB-w==

<?xml version="1.0" encoding="UTF-8"?><result><concept-id>C1236807501-POCLOUD</concept-id><revision-id>1</revision-id><warnings></warnings></result>HTTP/2 201 
content-type: application/xml
content-length: 148
date: Thu, 06 Aug 2020 08:01:31 GMT
set-cookie: AWSALB=E63GLJQ2/IWVKSm2NRf8UpawlVC2JVz6QWtBYoTWJ5YgheLo/54/iGRsVo9S0D4lKYYi+E4TjxwhDyAhdpJqUz7Z23VSgLtfC7Ragaeo2NIb+ONO2xITtYuPNDPP; Expires=Thu, 13 Aug 2020 08:01:31 GMT; Path=/
set-cookie: AWSALBCORS=E63GLJQ2/IWVKSm2NRf8UpawlVC2JVz6QWtBYoTWJ5YgheLo/54/iGRsVo9S0D4lKYYi+E4TjxwhDyAhdpJqUz7Z23VSgLtfC7Ragaeo2NIb+ONO2xITtYuPNDPP; Expires=Thu, 13 Aug 2020 08:01:31 GMT; Path=/; SameSite=None
cmr-request-id: 94aa6dd7-4740-4194-b956-8bf69d7dccaa
x-request-id: 94aa6dd7-4740-4194-b956-8bf69d7dccaa
server: Jetty(9.4.z-SNAPSHOT)
strict-transport-security: max-age=31536000; includeSubdomains; preload
x-cache: Miss from cloudfront
via: 1.1 3f04207ac26aea3851a49c14dde50426.cloudfront.net (CloudFront)
x-amz-cf-pop: ATL56-C2
x-amz-cf-id: kR1Aiu9kbeAlb35qxCRcxnMeQJSmeL5Ngvygb6irA-svAgbx02Jtng==

<?xml version="1.0" encoding="UTF-8"?><result><concept-id>C1236807502-POCLOUD</concept-id><revision-id>1</revision-id><warnings></warnings></result>HTTP/2 201 
content-type: application/xml
content-length: 148
date: Thu, 06 Aug 2020 08:01:32 GMT
set-cookie: AWSALB=IuiW+QuVPSbPlftxs5ojc31/wzulyPP6PrN5FGKFtrwuuFkqRv9tsjEVj7S95K73WhQ/82Akg+45oIiuzitPx9KeYaHtUEOTZn0uh6h1ipp+9+Wih6Qq1mKHWpNL; Expires=Thu, 13 Aug 2020 08:01:31 GMT; Path=/
set-cookie: AWSALBCORS=IuiW+QuVPSbPlftxs5ojc31/wzulyPP6PrN5FGKFtrwuuFkqRv9tsjEVj7S95K73WhQ/82Akg+45oIiuzitPx9KeYaHtUEOTZn0uh6h1ipp+9+Wih6Qq1mKHWpNL; Expires=Thu, 13 Aug 2020 08:01:31 GMT; Path=/; SameSite=None
cmr-request-id: b35c62b4-825e-4a54-a9a9-2e70eeeba2d3
x-request-id: b35c62b4-825e-4a54-a9a9-2e70eeeba2d3
server: Jetty(9.4.z-SNAPSHOT)
strict-transport-security: max-age=31536000; includeSubdomains; preload
x-cache: Miss from cloudfront
via: 1.1 b2f9e47860fb9957b48159f2b1f3173e.cloudfront.net (CloudFront)
x-amz-cf-pop: ATL56-C2
x-amz-cf-id: dtmNt0_wcvJ6-JP4WObxURBnO2L9osR3u6AG3M-3aAiimQKFP2i2Gw==

<?xml version="1.0" encoding="UTF-8"?><result><concept-id>C1236807503-POCLOUD</concept-id><revision-id>1</revision-id><warnings></warnings></result>HTTP/2 201 
content-type: application/xml
content-length: 148
date: Thu, 06 Aug 2020 08:01:32 GMT
set-cookie: AWSALB=UMFfqZkbL7ENBE7kegAdfSTbLXKPOJ0PfX4aPt+GOYrvodaXVZX+LiCqwI3qj0KF/NFOmSBfLlDyemgk45ymG+Oew+M0z4Bxz2vD/tQ/MKP7fFnof3rA/QasK6Qo; Expires=Thu, 13 Aug 2020 08:01:32 GMT; Path=/
set-cookie: AWSALBCORS=UMFfqZkbL7ENBE7kegAdfSTbLXKPOJ0PfX4aPt+GOYrvodaXVZX+LiCqwI3qj0KF/NFOmSBfLlDyemgk45ymG+Oew+M0z4Bxz2vD/tQ/MKP7fFnof3rA/QasK6Qo; Expires=Thu, 13 Aug 2020 08:01:32 GMT; Path=/; SameSite=None
cmr-request-id: 451ef6e8-1cbe-485c-963c-11a9b31e5c5f
x-request-id: 451ef6e8-1cbe-485c-963c-11a9b31e5c5f
server: Jetty(9.4.z-SNAPSHOT)
strict-transport-security: max-age=31536000; includeSubdomains; preload
x-cache: Miss from cloudfront
via: 1.1 4cc685c660795f2a3ffdaa4847751a1c.cloudfront.net (CloudFront)
x-amz-cf-pop: ATL56-C2
x-amz-cf-id: tvVgd1U-hqmv0uFtoRrL3GslRh6rCXJ-rinnfhEJfmm-u4RdO2EXdQ==

<?xml version="1.0" encoding="UTF-8"?><result><concept-id>C1236807504-POCLOUD</concept-id><revision-id>1</revision-id><warnings></warnings></result>HTTP/2 201 
content-type: application/xml
content-length: 148
date: Thu, 06 Aug 2020 08:01:32 GMT
set-cookie: AWSALB=hy3niUFrBddKNwvV5llQYhdSqUlAULKjrqq9oniavGIw4BKpZNWFUB8N9DLSLnDXoKwTip4fQMj+HghAlnR5UdBJPHtRLo0qGtItvc7AWNniFXIyRwljJ5pCRdai; Expires=Thu, 13 Aug 2020 08:01:32 GMT; Path=/
set-cookie: AWSALBCORS=hy3niUFrBddKNwvV5llQYhdSqUlAULKjrqq9oniavGIw4BKpZNWFUB8N9DLSLnDXoKwTip4fQMj+HghAlnR5UdBJPHtRLo0qGtItvc7AWNniFXIyRwljJ5pCRdai; Expires=Thu, 13 Aug 2020 08:01:32 GMT; Path=/; SameSite=None
cmr-request-id: 4c4272bd-b28e-4bf3-9999-056faa64b1da
x-request-id: 4c4272bd-b28e-4bf3-9999-056faa64b1da
server: Jetty(9.4.z-SNAPSHOT)
strict-transport-security: max-age=31536000; includeSubdomains; preload
x-cache: Miss from cloudfront
via: 1.1 6c635014c5e34cfe71b5baa57a471bdb.cloudfront.net (CloudFront)
x-amz-cf-pop: ATL56-C2
x-amz-cf-id: Vy-dB0vhyqx3t9hFTzROuTxfDSMjwAfadDWC58ez0W1TClVioLcR0A==

<?xml version="1.0" encoding="UTF-8"?><result><concept-id>C1236807505-POCLOUD</concept-id><revision-id>1</revision-id><warnings></warnings></result>HTTP/2 201 
content-type: application/xml
content-length: 148
date: Thu, 06 Aug 2020 08:01:33 GMT
set-cookie: AWSALB=Qmdd/50gSv1JP5uOj7MPCt1AqNN/L5tR18EfOByWmBGBCQjDyXDXQOHjmVduwRqnaT6CrkksCH4lUjEg/KjvI4KHBHP2pXWMz80tk4HKAO7a1BE77tZycokY8cNT; Expires=Thu, 13 Aug 2020 08:01:33 GMT; Path=/
set-cookie: AWSALBCORS=Qmdd/50gSv1JP5uOj7MPCt1AqNN/L5tR18EfOByWmBGBCQjDyXDXQOHjmVduwRqnaT6CrkksCH4lUjEg/KjvI4KHBHP2pXWMz80tk4HKAO7a1BE77tZycokY8cNT; Expires=Thu, 13 Aug 2020 08:01:33 GMT; Path=/; SameSite=None
cmr-request-id: 0cb1aaa3-7db1-4b18-9e89-da577f8d15aa
x-request-id: 0cb1aaa3-7db1-4b18-9e89-da577f8d15aa
server: Jetty(9.4.z-SNAPSHOT)
strict-transport-security: max-age=31536000; includeSubdomains; preload
x-cache: Miss from cloudfront
via: 1.1 f4710a63efd91d46133023148eb02e4e.cloudfront.net (CloudFront)
x-amz-cf-pop: ATL56-C2
x-amz-cf-id: fhPsAmqhJ8Zw2SHDiy_KsqRsUV9h24G0bQfuwNQSK-j-Dg-prAxcfw==

<?xml version="1.0" encoding="UTF-8"?><result><concept-id>C1236807506-POCLOUD</concept-id><revision-id>1</revision-id><warnings></warnings></result>HTTP/2 201 
content-type: application/xml
content-length: 148
date: Thu, 06 Aug 2020 08:01:33 GMT
set-cookie: AWSALB=clQQe//MWxYEa7vGOQWRtXyG1g9OebyHEVrZtFj9pYhzXBNLQ4O0UkFqkXk/MSJrYqRwPhWe2NfnSt1wDnLExcmR02/OAXofrhKUmtj3E2KnA+lqtlmUoew/ebOa; Expires=Thu, 13 Aug 2020 08:01:33 GMT; Path=/
set-cookie: AWSALBCORS=clQQe//MWxYEa7vGOQWRtXyG1g9OebyHEVrZtFj9pYhzXBNLQ4O0UkFqkXk/MSJrYqRwPhWe2NfnSt1wDnLExcmR02/OAXofrhKUmtj3E2KnA+lqtlmUoew/ebOa; Expires=Thu, 13 Aug 2020 08:01:33 GMT; Path=/; SameSite=None
cmr-request-id: 9f494526-dd90-4a63-9066-fd2580272e5b
x-request-id: 9f494526-dd90-4a63-9066-fd2580272e5b
server: Jetty(9.4.z-SNAPSHOT)
strict-transport-security: max-age=31536000; includeSubdomains; preload
x-cache: Miss from cloudfront
via: 1.1 2d26ba7e90592f6aaf3e7940a7088a63.cloudfront.net (CloudFront)
x-amz-cf-pop: ATL56-C2
x-amz-cf-id: Fr0wXJe2i4dVFuwbADJYZe9p71VR8JXjjWRvIeP0D8cZxRz-2f6NLw==

<?xml version="1.0" encoding="UTF-8"?><result><concept-id>C1236807507-POCLOUD</concept-id><revision-id>1</revision-id><warnings></warnings></result>HTTP/2 201 
content-type: application/xml
content-length: 148
date: Thu, 06 Aug 2020 08:01:33 GMT
set-cookie: AWSALB=JdcAEMTnWDtePaEe8HEjpaR92FMkAs3dNVmhAY8AJDsGrykQDumcrZr6W9/AMkSYnreBjyWWNq+pfdNnKjFhQyQVAMexKh9D5vSGZcpSekQb1beSLvHyelvqDBMs; Expires=Thu, 13 Aug 2020 08:01:33 GMT; Path=/
set-cookie: AWSALBCORS=JdcAEMTnWDtePaEe8HEjpaR92FMkAs3dNVmhAY8AJDsGrykQDumcrZr6W9/AMkSYnreBjyWWNq+pfdNnKjFhQyQVAMexKh9D5vSGZcpSekQb1beSLvHyelvqDBMs; Expires=Thu, 13 Aug 2020 08:01:33 GMT; Path=/; SameSite=None
cmr-request-id: 69780131-4434-49cd-a514-1b4a8263b6c9
x-request-id: 69780131-4434-49cd-a514-1b4a8263b6c9
server: Jetty(9.4.z-SNAPSHOT)
strict-transport-security: max-age=31536000; includeSubdomains; preload
x-cache: Miss from cloudfront
via: 1.1 fddbad7aec367179f2d03347739a2c54.cloudfront.net (CloudFront)
x-amz-cf-pop: ATL56-C2
x-amz-cf-id: DJXYP4x8S04dnKrTH6efcEDJwiHX6xjiaF_66AnlaIjwl9Ioq9jJuQ==

<?xml version="1.0" encoding="UTF-8"?><result><concept-id>C1236807508-POCLOUD</concept-id><revision-id>1</revision-id><warnings></warnings></result>HTTP/2 201 
content-type: application/xml
content-length: 148
date: Thu, 06 Aug 2020 08:01:34 GMT
set-cookie: AWSALB=3sgB+YHOmhkGa5FdJjVWT6Ot9hGdh6E7gOFcqLe4W6HMbl9pLuYpGccGi0gWfoGjNlb8y/Aw6sDe4htPz3zlfF9stVWfKHZv5SknqLzo62GLhCn4g9iq0ELopA6m; Expires=Thu, 13 Aug 2020 08:01:34 GMT; Path=/
set-cookie: AWSALBCORS=3sgB+YHOmhkGa5FdJjVWT6Ot9hGdh6E7gOFcqLe4W6HMbl9pLuYpGccGi0gWfoGjNlb8y/Aw6sDe4htPz3zlfF9stVWfKHZv5SknqLzo62GLhCn4g9iq0ELopA6m; Expires=Thu, 13 Aug 2020 08:01:34 GMT; Path=/; SameSite=None
cmr-request-id: e64363bf-3361-4901-8efd-c87c90326790
x-request-id: e64363bf-3361-4901-8efd-c87c90326790
server: Jetty(9.4.z-SNAPSHOT)
strict-transport-security: max-age=31536000; includeSubdomains; preload
x-cache: Miss from cloudfront
via: 1.1 2d26ba7e90592f6aaf3e7940a7088a63.cloudfront.net (CloudFront)
x-amz-cf-pop: ATL56-C2
x-amz-cf-id: sfNgypvYbfixuiCWJzqJqj1FfSKddQs8Yr3QS0kPUCr4DTFO3RYfgQ==

<?xml version="1.0" encoding="UTF-8"?><result><concept-id>C1236807509-POCLOUD</concept-id><revision-id>1</revision-id><warnings></warnings></result>HTTP/2 201 
content-type: application/xml
content-length: 148
date: Thu, 06 Aug 2020 08:01:34 GMT
set-cookie: AWSALB=jf803PE64J+t8XO2MW6HNOCeMiiDRKIkx/OLhHUGFo0NMVslBTgn9WYkguSLsq+5KOBVmQoUkSdk/Z3iXUnYJRxhMeOTHPoXm+5itwjAQBVbMo+1fz0vSwEJnhqk; Expires=Thu, 13 Aug 2020 08:01:34 GMT; Path=/
set-cookie: AWSALBCORS=jf803PE64J+t8XO2MW6HNOCeMiiDRKIkx/OLhHUGFo0NMVslBTgn9WYkguSLsq+5KOBVmQoUkSdk/Z3iXUnYJRxhMeOTHPoXm+5itwjAQBVbMo+1fz0vSwEJnhqk; Expires=Thu, 13 Aug 2020 08:01:34 GMT; Path=/; SameSite=None
cmr-request-id: e616f021-6457-462e-add1-c9375f700375
x-request-id: e616f021-6457-462e-add1-c9375f700375
server: Jetty(9.4.z-SNAPSHOT)
strict-transport-security: max-age=31536000; includeSubdomains; preload
x-cache: Miss from cloudfront
via: 1.1 da66866ab30cf4189cb05893cc3a9c6b.cloudfront.net (CloudFront)
x-amz-cf-pop: ATL56-C2
x-amz-cf-id: BrRBULR9TweQgZSZvDhBTh7SIFIBVm97dpCMPj4VCvo4pcjN1OG8mA==

<?xml version="1.0" encoding="UTF-8"?><result><concept-id>C1236807510-POCLOUD</concept-id><revision-id>1</revision-id><warnings></warnings></result>HTTP/2 201 
content-type: application/xml
content-length: 148
date: Thu, 06 Aug 2020 08:01:35 GMT
set-cookie: AWSALB=w1BCiKU23JJz9WtrPjV43y9Z+JEy78tFMUPdkQwLfeqCeQC8VGCa7iP283fJTyuzjRY+/F5PecSiKATly6GYDHje2yF/w5ZyasDj8p1TLH2QEC4TD0aLB/LsAcTd; Expires=Thu, 13 Aug 2020 08:01:34 GMT; Path=/
set-cookie: AWSALBCORS=w1BCiKU23JJz9WtrPjV43y9Z+JEy78tFMUPdkQwLfeqCeQC8VGCa7iP283fJTyuzjRY+/F5PecSiKATly6GYDHje2yF/w5ZyasDj8p1TLH2QEC4TD0aLB/LsAcTd; Expires=Thu, 13 Aug 2020 08:01:34 GMT; Path=/; SameSite=None
cmr-request-id: 99a0aeb3-ec73-456b-9321-cfa7d64d16f0
x-request-id: 99a0aeb3-ec73-456b-9321-cfa7d64d16f0
server: Jetty(9.4.z-SNAPSHOT)
strict-transport-security: max-age=31536000; includeSubdomains; preload
x-cache: Miss from cloudfront
via: 1.1 2247c77685f0b6b1314bdef5a95527b4.cloudfront.net (CloudFront)
x-amz-cf-pop: ATL56-C2
x-amz-cf-id: jzc57PxItj0_zrDg9kj6_YDlnMCd1zu2wgiTQw9SfJLiTzopy9K9hg==

<?xml version="1.0" encoding="UTF-8"?><result><concept-id>C1236807511-POCLOUD</concept-id><revision-id>1</revision-id><warnings></warnings></result>HTTP/2 201 
content-type: application/xml
content-length: 148
date: Thu, 06 Aug 2020 08:01:35 GMT
set-cookie: AWSALB=5JQ6yQ4YVn2JEkY2g5MIrVvgOJdOhXs/TRIeKsE0OeoNBKa8s4SvBxRYca6AdywF6Cfr0fLjLOOTyDUv3Qruw2xZXtOqdjDfscMrOsfDm1pCzIHhyq+BxjqdyhB9; Expires=Thu, 13 Aug 2020 08:01:35 GMT; Path=/
set-cookie: AWSALBCORS=5JQ6yQ4YVn2JEkY2g5MIrVvgOJdOhXs/TRIeKsE0OeoNBKa8s4SvBxRYca6AdywF6Cfr0fLjLOOTyDUv3Qruw2xZXtOqdjDfscMrOsfDm1pCzIHhyq+BxjqdyhB9; Expires=Thu, 13 Aug 2020 08:01:35 GMT; Path=/; SameSite=None
cmr-request-id: 1db51765-0d40-408d-a8c1-cd2ddf424b75
x-request-id: 1db51765-0d40-408d-a8c1-cd2ddf424b75
server: Jetty(9.4.z-SNAPSHOT)
strict-transport-security: max-age=31536000; includeSubdomains; preload
x-cache: Miss from cloudfront
via: 1.1 e50a33d388ee6a1e9bd2e2a8e9ebd67f.cloudfront.net (CloudFront)
x-amz-cf-pop: ATL56-C2
x-amz-cf-id: ssHtMY1j9hmEyPObY9m6oFa0kbKiiOhWF5BISkrXBs0Pqs6MuaD2UA==

<?xml version="1.0" encoding="UTF-8"?><result><concept-id>C1236807512-POCLOUD</concept-id><revision-id>1</revision-id><warnings></warnings></result>HTTP/2 201 
content-type: application/xml
content-length: 148
date: Thu, 06 Aug 2020 08:01:35 GMT
set-cookie: AWSALB=EN5Y7qCBCaoDD27c+mv+dROXi37GqxStWu4HmEbvicNS80vaTmszbZQ9i+Md8NOcCzin0yv9hCZM4WqQMImEx+7ZnhlpC3Oa0PJyCLo70MKITTnjRvoYViQq/YYv; Expires=Thu, 13 Aug 2020 08:01:35 GMT; Path=/
set-cookie: AWSALBCORS=EN5Y7qCBCaoDD27c+mv+dROXi37GqxStWu4HmEbvicNS80vaTmszbZQ9i+Md8NOcCzin0yv9hCZM4WqQMImEx+7ZnhlpC3Oa0PJyCLo70MKITTnjRvoYViQq/YYv; Expires=Thu, 13 Aug 2020 08:01:35 GMT; Path=/; SameSite=None
cmr-request-id: d59ea3e7-72b4-466a-8877-c5278658f27a
x-request-id: d59ea3e7-72b4-466a-8877-c5278658f27a
server: Jetty(9.4.z-SNAPSHOT)
strict-transport-security: max-age=31536000; includeSubdomains; preload
x-cache: Miss from cloudfront
via: 1.1 f4710a63efd91d46133023148eb02e4e.cloudfront.net (CloudFront)
x-amz-cf-pop: ATL56-C2
x-amz-cf-id: NYeUi2ZDEr77WPXWESVRhyc8cxWHZ0Jktolk55DdVthQJi1uoKWILA==

<?xml version="1.0" encoding="UTF-8"?><result><concept-id>C1236807513-POCLOUD</concept-id><revision-id>1</revision-id><warnings></warnings></result>HTTP/2 201 
content-type: application/xml
content-length: 148
date: Thu, 06 Aug 2020 08:01:36 GMT
set-cookie: AWSALB=yu1a4qPfPLU/9Z8wfVfifiYJewtairW8eedPTz8shEzGzRlB1ZUzNZpZ2/NBCUBT0f9+joW7mhAGCTQFCypOLUL9wpQLtYzSFwNtD/5y7M1qWGRPcsvQ41ipCX/O; Expires=Thu, 13 Aug 2020 08:01:35 GMT; Path=/
set-cookie: AWSALBCORS=yu1a4qPfPLU/9Z8wfVfifiYJewtairW8eedPTz8shEzGzRlB1ZUzNZpZ2/NBCUBT0f9+joW7mhAGCTQFCypOLUL9wpQLtYzSFwNtD/5y7M1qWGRPcsvQ41ipCX/O; Expires=Thu, 13 Aug 2020 08:01:35 GMT; Path=/; SameSite=None
cmr-request-id: 07434fe8-2ce3-466a-ac37-7d7f0f21aaeb
x-request-id: 07434fe8-2ce3-466a-ac37-7d7f0f21aaeb
server: Jetty(9.4.z-SNAPSHOT)
strict-transport-security: max-age=31536000; includeSubdomains; preload
x-cache: Miss from cloudfront
via: 1.1 a46e14507c5d47c673aa8a27e655d93c.cloudfront.net (CloudFront)
x-amz-cf-pop: ATL56-C2
x-amz-cf-id: g4llvyxtufRw2fuaBy0ck4LVePpzF9DAIsZu808kqzZDN9h_qj83fg==

<?xml version="1.0" encoding="UTF-8"?><result><concept-id>C1236807514-POCLOUD</concept-id><revision-id>1</revision-id><warnings></warnings></result>HTTP/2 201 
content-type: application/xml
content-length: 148
date: Thu, 06 Aug 2020 08:01:36 GMT
set-cookie: AWSALB=BTLLfYIs1xjkwtWcq3rn7C08kHQa/gVWh4DYDvTwO/EwsLu+7Fu/enFCyIDfMTQsI6hQlQZkYpvD9WdNfD1qUSV7s0W1tPJNxA8FmnQh3muAYBaVCfnS/WPUIcJT; Expires=Thu, 13 Aug 2020 08:01:36 GMT; Path=/
set-cookie: AWSALBCORS=BTLLfYIs1xjkwtWcq3rn7C08kHQa/gVWh4DYDvTwO/EwsLu+7Fu/enFCyIDfMTQsI6hQlQZkYpvD9WdNfD1qUSV7s0W1tPJNxA8FmnQh3muAYBaVCfnS/WPUIcJT; Expires=Thu, 13 Aug 2020 08:01:36 GMT; Path=/; SameSite=None
cmr-request-id: efe2e0a3-ac1a-4d1e-9efd-c480df234564
x-request-id: efe2e0a3-ac1a-4d1e-9efd-c480df234564
server: Jetty(9.4.z-SNAPSHOT)
strict-transport-security: max-age=31536000; includeSubdomains; preload
x-cache: Miss from cloudfront
via: 1.1 1dc78b483a05802622534dc6e5ba6781.cloudfront.net (CloudFront)
x-amz-cf-pop: ATL56-C2
x-amz-cf-id: ciM1rgZE3V9ItM8jpu4M5NO7ac1m9SjNXy1I6jOaPNiyEiKVykZZKw==

<?xml version="1.0" encoding="UTF-8"?><result><concept-id>C1236807515-POCLOUD</concept-id><revision-id>1</revision-id><warnings></warnings></result>HTTP/2 201 
content-type: application/xml
content-length: 148
date: Thu, 06 Aug 2020 08:01:36 GMT
set-cookie: AWSALB=UWmhRBkdOZ5XHY1vnc6ZWlDG9QOZiMcAPQU0Gpeg/Z1nqFyq61RaKcmxh1OR6ZhXoICLj+UH9W4dXWmySVTeUYTvsufIz+p9Jf5hh2ze0e7P8N+q6TyWFEPifIK/; Expires=Thu, 13 Aug 2020 08:01:36 GMT; Path=/
set-cookie: AWSALBCORS=UWmhRBkdOZ5XHY1vnc6ZWlDG9QOZiMcAPQU0Gpeg/Z1nqFyq61RaKcmxh1OR6ZhXoICLj+UH9W4dXWmySVTeUYTvsufIz+p9Jf5hh2ze0e7P8N+q6TyWFEPifIK/; Expires=Thu, 13 Aug 2020 08:01:36 GMT; Path=/; SameSite=None
cmr-request-id: 8c444412-f406-4e40-b2a3-a6c3d8369676
x-request-id: 8c444412-f406-4e40-b2a3-a6c3d8369676
server: Jetty(9.4.z-SNAPSHOT)
strict-transport-security: max-age=31536000; includeSubdomains; preload
x-cache: Miss from cloudfront
via: 1.1 7b7e50db6589e0f941d9a919773b8e8b.cloudfront.net (CloudFront)
x-amz-cf-pop: ATL56-C2
x-amz-cf-id: Qll6IURYwBFQqyu9VeNojQWLImdqFZgBRSC9qyYoiQJKosg4r_HYkw==

<?xml version="1.0" encoding="UTF-8"?><result><concept-id>C1236807516-POCLOUD</concept-id><revision-id>1</revision-id><warnings></warnings></result>HTTP/2 201 
content-type: application/xml
content-length: 148
date: Thu, 06 Aug 2020 08:01:37 GMT
set-cookie: AWSALB=NXxKw4e7gDUJNiDjsXdactR8yMAIBU394jCv5P8bKlSERVIhi+53skF/6SANeEoAfMbW5lPusZryxz89pukSRRxWVBWboAWV9FkXnyMM8nzVX3o4TVxK+n1etjUP; Expires=Thu, 13 Aug 2020 08:01:37 GMT; Path=/
set-cookie: AWSALBCORS=NXxKw4e7gDUJNiDjsXdactR8yMAIBU394jCv5P8bKlSERVIhi+53skF/6SANeEoAfMbW5lPusZryxz89pukSRRxWVBWboAWV9FkXnyMM8nzVX3o4TVxK+n1etjUP; Expires=Thu, 13 Aug 2020 08:01:37 GMT; Path=/; SameSite=None
cmr-request-id: 6c82ea19-d44d-472f-9408-9c36dd606140
x-request-id: 6c82ea19-d44d-472f-9408-9c36dd606140
server: Jetty(9.4.z-SNAPSHOT)
strict-transport-security: max-age=31536000; includeSubdomains; preload
x-cache: Miss from cloudfront
via: 1.1 fddbad7aec367179f2d03347739a2c54.cloudfront.net (CloudFront)
x-amz-cf-pop: ATL56-C2
x-amz-cf-id: UoAY1mOP1uHAdWflLD0x7zEgNULfFWIUbLtYZThmgnXXXkviOoSCcQ==

<?xml version="1.0" encoding="UTF-8"?><result><concept-id>C1236807517-POCLOUD</concept-id><revision-id>1</revision-id><warnings></warnings></result>HTTP/2 201 
content-type: application/xml
content-length: 148
date: Thu, 06 Aug 2020 08:01:37 GMT
set-cookie: AWSALB=tFeqRs12fkCjljblK0K05tHIG2pj2QaAvxdBBO/Gn/zz2jgj6UT1VnluDoU58Q3IHRFPmU0a9+i75moxC8/r5dDD3p5RtBKxaQKpixuZrCAKq6TidmuxzP0hzqoo; Expires=Thu, 13 Aug 2020 08:01:37 GMT; Path=/
set-cookie: AWSALBCORS=tFeqRs12fkCjljblK0K05tHIG2pj2QaAvxdBBO/Gn/zz2jgj6UT1VnluDoU58Q3IHRFPmU0a9+i75moxC8/r5dDD3p5RtBKxaQKpixuZrCAKq6TidmuxzP0hzqoo; Expires=Thu, 13 Aug 2020 08:01:37 GMT; Path=/; SameSite=None
cmr-request-id: 2b251c4f-6134-4415-b79b-63d6e164994a
x-request-id: 2b251c4f-6134-4415-b79b-63d6e164994a
server: Jetty(9.4.z-SNAPSHOT)
strict-transport-security: max-age=31536000; includeSubdomains; preload
x-cache: Miss from cloudfront
via: 1.1 b28d3416ca192a48b2186d7957e4e72c.cloudfront.net (CloudFront)
x-amz-cf-pop: ATL56-C2
x-amz-cf-id: oGNvn_m1_nCmvvW8ob7PKrHhKcqINpCzTK4gXs0dM-AU61sGhgZ6dg==

<?xml version="1.0" encoding="UTF-8"?><result><concept-id>C1236807518-POCLOUD</concept-id><revision-id>1</revision-id><warnings></warnings></result>HTTP/2 201 
content-type: application/xml
content-length: 148
date: Thu, 06 Aug 2020 08:01:38 GMT
set-cookie: AWSALB=ffJEFc58Xbz2L40KhAjczKcxtpLn90gaT+dCnHn3M8KcNzo13zEiX8RWtUrpa5zU91xRAw7+LhlKM/DAZ1PTWbsxvY2wr7XCjdN0CM27Z/lWt7obbOh0mKiKEwZV; Expires=Thu, 13 Aug 2020 08:01:37 GMT; Path=/
set-cookie: AWSALBCORS=ffJEFc58Xbz2L40KhAjczKcxtpLn90gaT+dCnHn3M8KcNzo13zEiX8RWtUrpa5zU91xRAw7+LhlKM/DAZ1PTWbsxvY2wr7XCjdN0CM27Z/lWt7obbOh0mKiKEwZV; Expires=Thu, 13 Aug 2020 08:01:37 GMT; Path=/; SameSite=None
cmr-request-id: f5a66fec-cb5f-48fc-b6ac-318d313cc495
x-request-id: f5a66fec-cb5f-48fc-b6ac-318d313cc495
server: Jetty(9.4.z-SNAPSHOT)
strict-transport-security: max-age=31536000; includeSubdomains; preload
x-cache: Miss from cloudfront
via: 1.1 2d26ba7e90592f6aaf3e7940a7088a63.cloudfront.net (CloudFront)
x-amz-cf-pop: ATL56-C2
x-amz-cf-id: DFDzG0eYZ_37sthmna_s_9Lpycf7GQTeOsGciRNzlsrWHCYRWprScA==

<?xml version="1.0" encoding="UTF-8"?><result><concept-id>C1236807519-POCLOUD</concept-id><revision-id>1</revision-id><warnings></warnings></result>HTTP/2 201 
content-type: application/xml
content-length: 148
date: Thu, 06 Aug 2020 08:01:38 GMT
set-cookie: AWSALB=NFzNYyUZrO17oFrYtNNNZVRnePCumz2mlAM44LHgUMjAgNasxtihXzct12JXbYX2ZQHjWNyczd1M92r+VVat/jHKV6hzJLqaTZcOjKw0A9YMAreN4NV3zvYpXQlC; Expires=Thu, 13 Aug 2020 08:01:38 GMT; Path=/
set-cookie: AWSALBCORS=NFzNYyUZrO17oFrYtNNNZVRnePCumz2mlAM44LHgUMjAgNasxtihXzct12JXbYX2ZQHjWNyczd1M92r+VVat/jHKV6hzJLqaTZcOjKw0A9YMAreN4NV3zvYpXQlC; Expires=Thu, 13 Aug 2020 08:01:38 GMT; Path=/; SameSite=None
cmr-request-id: 730bad1e-ffe7-44c7-b000-acf782aa45ae
x-request-id: 730bad1e-ffe7-44c7-b000-acf782aa45ae
server: Jetty(9.4.z-SNAPSHOT)
strict-transport-security: max-age=31536000; includeSubdomains; preload
x-cache: Miss from cloudfront
via: 1.1 31a7c7197e11d7c37a3fbc6d5705a4e9.cloudfront.net (CloudFront)
x-amz-cf-pop: ATL56-C2
x-amz-cf-id: 1bdilXl8ElgsGsMmmJ_GsLMYpB7InhBlSey92Rcv_lCThcbwYF2J1w==

<?xml version="1.0" encoding="UTF-8"?><result><concept-id>C1236807520-POCLOUD</concept-id><revision-id>1</revision-id><warnings></warnings></result>HTTP/2 201 
content-type: application/xml
content-length: 148
date: Thu, 06 Aug 2020 08:01:38 GMT
set-cookie: AWSALB=3Og9w/bigEYyEs7GiBjjUfkDXjbCK3pcTWiPGqP9TbM4E6MUiYTG/pHm66T12ItIItYiBAt3uigB6GVfCluZTQxfbmTQaYa6bqjHOopK1KgOemPhS/n7l8lWnczO; Expires=Thu, 13 Aug 2020 08:01:38 GMT; Path=/
set-cookie: AWSALBCORS=3Og9w/bigEYyEs7GiBjjUfkDXjbCK3pcTWiPGqP9TbM4E6MUiYTG/pHm66T12ItIItYiBAt3uigB6GVfCluZTQxfbmTQaYa6bqjHOopK1KgOemPhS/n7l8lWnczO; Expires=Thu, 13 Aug 2020 08:01:38 GMT; Path=/; SameSite=None
cmr-request-id: 82eafe65-99e7-4327-a94b-4e216f9a0bd8
x-request-id: 82eafe65-99e7-4327-a94b-4e216f9a0bd8
server: Jetty(9.4.z-SNAPSHOT)
strict-transport-security: max-age=31536000; includeSubdomains; preload
x-cache: Miss from cloudfront
via: 1.1 cb9d081dd02e8f44a734d662caddbdb7.cloudfront.net (CloudFront)
x-amz-cf-pop: ATL56-C2
x-amz-cf-id: MX3FsjIaZrJleqabQ79WM8tmx5cLczZhO3gn2SCWPHMJLLFYgXx_hw==

<?xml version="1.0" encoding="UTF-8"?><result><concept-id>C1236807521-POCLOUD</concept-id><revision-id>1</revision-id><warnings></warnings></result>HTTP/2 201 
content-type: application/xml
content-length: 148
date: Thu, 06 Aug 2020 08:01:39 GMT
set-cookie: AWSALB=ZZ6bXYZvO1SUkQv9qu0JDtHxppNqWimxwvE+jFnMINzsw61/aBTrfomh9IAplrps6AMsXactquczgRS4LV1O2gYFtf50oLaET99qqMvIsZ/mkEQucCY1LoBjXfO6; Expires=Thu, 13 Aug 2020 08:01:38 GMT; Path=/
set-cookie: AWSALBCORS=ZZ6bXYZvO1SUkQv9qu0JDtHxppNqWimxwvE+jFnMINzsw61/aBTrfomh9IAplrps6AMsXactquczgRS4LV1O2gYFtf50oLaET99qqMvIsZ/mkEQucCY1LoBjXfO6; Expires=Thu, 13 Aug 2020 08:01:38 GMT; Path=/; SameSite=None
cmr-request-id: f51fb5ed-bba1-459b-80b5-eeea2f3b9768
x-request-id: f51fb5ed-bba1-459b-80b5-eeea2f3b9768
server: Jetty(9.4.z-SNAPSHOT)
strict-transport-security: max-age=31536000; includeSubdomains; preload
x-cache: Miss from cloudfront
via: 1.1 1dc78b483a05802622534dc6e5ba6781.cloudfront.net (CloudFront)
x-amz-cf-pop: ATL56-C2
x-amz-cf-id: Bk-4l5tVDDLCVGUYJ0wf22SJXduJpSG-mDiii6dJffjfQ6Ot5Q2xaQ==

<?xml version="1.0" encoding="UTF-8"?><result><concept-id>C1236807522-POCLOUD</concept-id><revision-id>1</revision-id><warnings></warnings></result>HTTP/2 201 
content-type: application/xml
content-length: 148
date: Thu, 06 Aug 2020 08:01:39 GMT
set-cookie: AWSALB=fau/GB83Mlv4gIrVgz4RhhEeY0iBbPIEfYzgL6RznGcmgd7WRoFNv+/eLHj/EIHY67DqE/jnoNG03wKRXlFM+VmgRZ4uRDFe1U2NwEue3uF/g12Gds3SSBCn3BOz; Expires=Thu, 13 Aug 2020 08:01:39 GMT; Path=/
set-cookie: AWSALBCORS=fau/GB83Mlv4gIrVgz4RhhEeY0iBbPIEfYzgL6RznGcmgd7WRoFNv+/eLHj/EIHY67DqE/jnoNG03wKRXlFM+VmgRZ4uRDFe1U2NwEue3uF/g12Gds3SSBCn3BOz; Expires=Thu, 13 Aug 2020 08:01:39 GMT; Path=/; SameSite=None
cmr-request-id: 75348a24-c1ed-4b4d-921d-8e2fbf5245b6
x-request-id: 75348a24-c1ed-4b4d-921d-8e2fbf5245b6
server: Jetty(9.4.z-SNAPSHOT)
strict-transport-security: max-age=31536000; includeSubdomains; preload
x-cache: Miss from cloudfront
via: 1.1 866f302a57cba8f091abc5bab69ed384.cloudfront.net (CloudFront)
x-amz-cf-pop: ATL56-C2
x-amz-cf-id: Io_Q4rAtjXhCcz2Hlke3Mtk8VQgDBjVlDl7Nr2onv4dPZjlq5Z8VAA==

<?xml version="1.0" encoding="UTF-8"?><result><concept-id>C1236807523-POCLOUD</concept-id><revision-id>1</revision-id><warnings></warnings></result>HTTP/2 201 
content-type: application/xml
content-length: 148
date: Thu, 06 Aug 2020 08:01:39 GMT
set-cookie: AWSALB=Gp4+uX+bDkGNtZrsO5u/sFg4UGtWgH12YQF3qxo/jzF4eAjYWSJ6XHf6CKrlcocenZT0dJG6p/SUSR7V7Spde6Mf70rhQUS+rOmhDLiC6bQ7YOBfi8t5zsYhxXPI; Expires=Thu, 13 Aug 2020 08:01:39 GMT; Path=/
set-cookie: AWSALBCORS=Gp4+uX+bDkGNtZrsO5u/sFg4UGtWgH12YQF3qxo/jzF4eAjYWSJ6XHf6CKrlcocenZT0dJG6p/SUSR7V7Spde6Mf70rhQUS+rOmhDLiC6bQ7YOBfi8t5zsYhxXPI; Expires=Thu, 13 Aug 2020 08:01:39 GMT; Path=/; SameSite=None
cmr-request-id: 912f3434-3f93-4ac1-9a00-ad4668f22b1e
x-request-id: 912f3434-3f93-4ac1-9a00-ad4668f22b1e
server: Jetty(9.4.z-SNAPSHOT)
strict-transport-security: max-age=31536000; includeSubdomains; preload
x-cache: Miss from cloudfront
via: 1.1 589d518997ccd05a23679df5a68e6388.cloudfront.net (CloudFront)
x-amz-cf-pop: ATL56-C2
x-amz-cf-id: MTFrMPpcQKUr-OmPCcEbO1ZOJvBIyRahLptZhBHixBYOpj8A6rT8kg==

<?xml version="1.0" encoding="UTF-8"?><result><concept-id>C1236807524-POCLOUD</concept-id><revision-id>1</revision-id><warnings></warnings></result>HTTP/2 201 
content-type: application/xml
content-length: 148
date: Thu, 06 Aug 2020 08:01:40 GMT
set-cookie: AWSALB=UTa1GmUHMzVg64BXtHvDRXNVYH/Kgscq00NExeyO+IV80yZGQDi8KfwqdU9DYMJopYG9XM6EIT3v3a9Cq0qUqXJF/3DQDL1h+oVf49g+QgNPz2WjTXMMdNibDhp7; Expires=Thu, 13 Aug 2020 08:01:40 GMT; Path=/
set-cookie: AWSALBCORS=UTa1GmUHMzVg64BXtHvDRXNVYH/Kgscq00NExeyO+IV80yZGQDi8KfwqdU9DYMJopYG9XM6EIT3v3a9Cq0qUqXJF/3DQDL1h+oVf49g+QgNPz2WjTXMMdNibDhp7; Expires=Thu, 13 Aug 2020 08:01:40 GMT; Path=/; SameSite=None
cmr-request-id: 68e7fb76-b6bf-49d9-811d-52c44c268727
x-request-id: 68e7fb76-b6bf-49d9-811d-52c44c268727
server: Jetty(9.4.z-SNAPSHOT)
strict-transport-security: max-age=31536000; includeSubdomains; preload
x-cache: Miss from cloudfront
via: 1.1 3f04207ac26aea3851a49c14dde50426.cloudfront.net (CloudFront)
x-amz-cf-pop: ATL56-C2
x-amz-cf-id: 5dwIBPFQm6YHWLVmJYGuHNxaQ4EKyQ94HQXbCWbb3inKvfDKv1IzkA==

<?xml version="1.0" encoding="UTF-8"?><result><concept-id>C1236807525-POCLOUD</concept-id><revision-id>1</revision-id><warnings></warnings></result>HTTP/2 201 
content-type: application/xml
content-length: 148
date: Thu, 06 Aug 2020 08:01:40 GMT
set-cookie: AWSALB=0J55vFChanE8fANYV0Albk7OPYIJTtrVljdlCJiRtJW9JHNQ+/V07uAJCWjv2PiCIyKTqLZIjuXuqtPvNdwFxRtsGQuDV/5NC4qktK1+ffs6R3mOC3T8y4CY2Eby; Expires=Thu, 13 Aug 2020 08:01:40 GMT; Path=/
set-cookie: AWSALBCORS=0J55vFChanE8fANYV0Albk7OPYIJTtrVljdlCJiRtJW9JHNQ+/V07uAJCWjv2PiCIyKTqLZIjuXuqtPvNdwFxRtsGQuDV/5NC4qktK1+ffs6R3mOC3T8y4CY2Eby; Expires=Thu, 13 Aug 2020 08:01:40 GMT; Path=/; SameSite=None
cmr-request-id: 7c3333f1-a1f7-4734-9c28-2522d543f040
x-request-id: 7c3333f1-a1f7-4734-9c28-2522d543f040
server: Jetty(9.4.z-SNAPSHOT)
strict-transport-security: max-age=31536000; includeSubdomains; preload
x-cache: Miss from cloudfront
via: 1.1 befa97a817eaed04a94855080a3e4a54.cloudfront.net (CloudFront)
x-amz-cf-pop: ATL56-C2
x-amz-cf-id: x3OgdANGBPi8LZuidMK0E4xmBqtibwJ85A-Rc-39v7jjs20cnr4C4w==

<?xml version="1.0" encoding="UTF-8"?><result><concept-id>C1236807526-POCLOUD</concept-id><revision-id>1</revision-id><warnings></warnings></result>HTTP/2 201 
content-type: application/xml
content-length: 148
date: Thu, 06 Aug 2020 08:01:41 GMT
set-cookie: AWSALB=KluMdbZm0BOYAVg+7wkiC7jZQ2L9/TsikJx2T3jtchnDP6ZArAPp7IhYNAiY7Mt4cg8JAdpPfwvqv9efHCLx5dGbXpi+/ba06JtueD+2lVcLPWk9x4ah2h4w1c76; Expires=Thu, 13 Aug 2020 08:01:40 GMT; Path=/
set-cookie: AWSALBCORS=KluMdbZm0BOYAVg+7wkiC7jZQ2L9/TsikJx2T3jtchnDP6ZArAPp7IhYNAiY7Mt4cg8JAdpPfwvqv9efHCLx5dGbXpi+/ba06JtueD+2lVcLPWk9x4ah2h4w1c76; Expires=Thu, 13 Aug 2020 08:01:40 GMT; Path=/; SameSite=None
cmr-request-id: dbd8c470-ed12-4c99-91d1-99e3da5e34a8
x-request-id: dbd8c470-ed12-4c99-91d1-99e3da5e34a8
server: Jetty(9.4.z-SNAPSHOT)
strict-transport-security: max-age=31536000; includeSubdomains; preload
x-cache: Miss from cloudfront
via: 1.1 ffec1e0df06416c9960ed4a059f14bb3.cloudfront.net (CloudFront)
x-amz-cf-pop: ATL56-C2
x-amz-cf-id: 8jnIiTaQiQZ2a7yfa1eViw3PR1EjN6bhYZH8iVBvuKOoviQI0HEVWw==

<?xml version="1.0" encoding="UTF-8"?><result><concept-id>C1236807527-POCLOUD</concept-id><revision-id>1</revision-id><warnings></warnings></result>HTTP/2 201 
content-type: application/xml
content-length: 148
date: Thu, 06 Aug 2020 08:01:41 GMT
set-cookie: AWSALB=B4FZqqg3oP+uy2ay0fGCVrUt4EXrC7LJe9vI1fZX3578XMlv19ttzUxjWn2vQyWEujnwKah/OFaqrMzAc7uuGaeYX/DQVltJzafHdThbSwt6cP5BkuzmxVuRUnz7; Expires=Thu, 13 Aug 2020 08:01:41 GMT; Path=/
set-cookie: AWSALBCORS=B4FZqqg3oP+uy2ay0fGCVrUt4EXrC7LJe9vI1fZX3578XMlv19ttzUxjWn2vQyWEujnwKah/OFaqrMzAc7uuGaeYX/DQVltJzafHdThbSwt6cP5BkuzmxVuRUnz7; Expires=Thu, 13 Aug 2020 08:01:41 GMT; Path=/; SameSite=None
cmr-request-id: 8908c81c-f6e0-4f1b-a722-2bfb2d3906e3
x-request-id: 8908c81c-f6e0-4f1b-a722-2bfb2d3906e3
server: Jetty(9.4.z-SNAPSHOT)
strict-transport-security: max-age=31536000; includeSubdomains; preload
x-cache: Miss from cloudfront
via: 1.1 cc0da55fab130d00944d324232df300f.cloudfront.net (CloudFront)
x-amz-cf-pop: ATL56-C2
x-amz-cf-id: YQTtQFRmB5bZ1O9waVjCNETl6D7Ed0f50hfc6vQ1zQcLI1dHXVxoog==

<?xml version="1.0" encoding="UTF-8"?><result><concept-id>C1236807528-POCLOUD</concept-id><revision-id>1</revision-id><warnings></warnings></result>HTTP/2 201 
content-type: application/xml
content-length: 148
date: Thu, 06 Aug 2020 08:01:41 GMT
set-cookie: AWSALB=7/I0Y7NiWin+6XbyL0MkIhFzK9dLCPMTDO5Yu9dKIKjGqc8OBL+aVkIg+5DO4L4b9XLQ/wdAeR6ocLdiEsNshYVif21qmRn131XQaaVRfQvZQcnMY5ebF0kZ+BUk; Expires=Thu, 13 Aug 2020 08:01:41 GMT; Path=/
set-cookie: AWSALBCORS=7/I0Y7NiWin+6XbyL0MkIhFzK9dLCPMTDO5Yu9dKIKjGqc8OBL+aVkIg+5DO4L4b9XLQ/wdAeR6ocLdiEsNshYVif21qmRn131XQaaVRfQvZQcnMY5ebF0kZ+BUk; Expires=Thu, 13 Aug 2020 08:01:41 GMT; Path=/; SameSite=None
cmr-request-id: ae57791f-f826-4893-85b5-b885e1624edc
x-request-id: ae57791f-f826-4893-85b5-b885e1624edc
server: Jetty(9.4.z-SNAPSHOT)
strict-transport-security: max-age=31536000; includeSubdomains; preload
x-cache: Miss from cloudfront
via: 1.1 c46ed5fbb6827d26b12deac3abd5e515.cloudfront.net (CloudFront)
x-amz-cf-pop: ATL56-C2
x-amz-cf-id: kYC_F4fSO9HmJFjvv3gmPlORyd9QBc2ydtv9HbHY8rD0nAIO6pM0DQ==

<?xml version="1.0" encoding="UTF-8"?><result><concept-id>C1236807529-POCLOUD</concept-id><revision-id>1</revision-id><warnings></warnings></result>HTTP/2 201 
content-type: application/xml
content-length: 148
date: Thu, 06 Aug 2020 08:01:42 GMT
set-cookie: AWSALB=hmYq9vysb2bVCi1sksZMvWnCsRUNNZQPAg5/O7uhGX726e2dztrKzZuJRQYXqnaZnSXgeR71Cs91woKsMy7doXZVsS1WLJdHcBBK8Lkj8bKlWJ6uuNdKWLeUk3fr; Expires=Thu, 13 Aug 2020 08:01:42 GMT; Path=/
set-cookie: AWSALBCORS=hmYq9vysb2bVCi1sksZMvWnCsRUNNZQPAg5/O7uhGX726e2dztrKzZuJRQYXqnaZnSXgeR71Cs91woKsMy7doXZVsS1WLJdHcBBK8Lkj8bKlWJ6uuNdKWLeUk3fr; Expires=Thu, 13 Aug 2020 08:01:42 GMT; Path=/; SameSite=None
cmr-request-id: fef6474d-4ad2-4367-b266-51ad0066566f
x-request-id: fef6474d-4ad2-4367-b266-51ad0066566f
server: Jetty(9.4.z-SNAPSHOT)
strict-transport-security: max-age=31536000; includeSubdomains; preload
x-cache: Miss from cloudfront
via: 1.1 7b7e50db6589e0f941d9a919773b8e8b.cloudfront.net (CloudFront)
x-amz-cf-pop: ATL56-C2
x-amz-cf-id: xRUZEOFSbwga65AVyRdgQj16nHqPkPEk7bL61xBqMxpWd3Z9cLN97w==

<?xml version="1.0" encoding="UTF-8"?><result><concept-id>C1236807530-POCLOUD</concept-id><revision-id>1</revision-id><warnings></warnings></result>HTTP/2 201 
content-type: application/xml
content-length: 148
date: Thu, 06 Aug 2020 08:01:42 GMT
set-cookie: AWSALB=oj5d2qfwWOzPXy+JQ+uR7CN0i6rEQrGEmVY9Pc7UY0/w6jZZOXkYI/eMxa07Kn0WKEcT/XeTCmDcXeobGzdoWRz9iAMYwPIVUz3tHJHt7lGA7rqmRtbKtjN8T0S6; Expires=Thu, 13 Aug 2020 08:01:42 GMT; Path=/
set-cookie: AWSALBCORS=oj5d2qfwWOzPXy+JQ+uR7CN0i6rEQrGEmVY9Pc7UY0/w6jZZOXkYI/eMxa07Kn0WKEcT/XeTCmDcXeobGzdoWRz9iAMYwPIVUz3tHJHt7lGA7rqmRtbKtjN8T0S6; Expires=Thu, 13 Aug 2020 08:01:42 GMT; Path=/; SameSite=None
cmr-request-id: 12716504-686f-4091-9937-2ff336fffb0f
x-request-id: 12716504-686f-4091-9937-2ff336fffb0f
server: Jetty(9.4.z-SNAPSHOT)
strict-transport-security: max-age=31536000; includeSubdomains; preload
x-cache: Miss from cloudfront
via: 1.1 589d518997ccd05a23679df5a68e6388.cloudfront.net (CloudFront)
x-amz-cf-pop: ATL56-C2
x-amz-cf-id: uBr8YAtJhsT8XhhH0l_EQxJDY4JVEHeTHHAKYV3rqNMO6Q9NYU6Mlw==

<?xml version="1.0" encoding="UTF-8"?><result><concept-id>C1236807531-POCLOUD</concept-id><revision-id>1</revision-id><warnings></warnings></result>HTTP/2 201 
content-type: application/xml
content-length: 148
date: Thu, 06 Aug 2020 08:01:43 GMT
set-cookie: AWSALB=VKRkYH2unzcTzIFZjhXiiOaD4LIr5Szc6jAEn9SbO9UYFrqfOJEL9Q85mob8ESWDKq6Tr4xtDRsztCR9LnDlSuoPSCjhAQAtlcR3JA3Tcri7OL7EFZjrpomSeUdU; Expires=Thu, 13 Aug 2020 08:01:42 GMT; Path=/
set-cookie: AWSALBCORS=VKRkYH2unzcTzIFZjhXiiOaD4LIr5Szc6jAEn9SbO9UYFrqfOJEL9Q85mob8ESWDKq6Tr4xtDRsztCR9LnDlSuoPSCjhAQAtlcR3JA3Tcri7OL7EFZjrpomSeUdU; Expires=Thu, 13 Aug 2020 08:01:42 GMT; Path=/; SameSite=None
cmr-request-id: cb0a1758-9b11-4cc0-b0f4-853526ad34d4
x-request-id: cb0a1758-9b11-4cc0-b0f4-853526ad34d4
server: Jetty(9.4.z-SNAPSHOT)
strict-transport-security: max-age=31536000; includeSubdomains; preload
x-cache: Miss from cloudfront
via: 1.1 da66866ab30cf4189cb05893cc3a9c6b.cloudfront.net (CloudFront)
x-amz-cf-pop: ATL56-C2
x-amz-cf-id: kdrPuYVNe7Chds1oxKQKkIsiBC-em8zn161O_psL4kV8iG6_QrNi5w==

<?xml version="1.0" encoding="UTF-8"?><result><concept-id>C1236807532-POCLOUD</concept-id><revision-id>1</revision-id><warnings></warnings></result>